Start testing: Dec 10 04:13 CET
----------------------------------------------------------
1/20 Testing: trivialTests-singlenode
1/20 Test: trivialTests-singlenode
Command: "/mnt/c/Users/21chr/Documents/Universitet/Exjobb/Argo/MasterThesis/argodsm-no_sync_locking_modified/build/bin/singlenode/trivialTests"
Directory: /mnt/c/Users/21chr/Documents/Universitet/Exjobb/Argo/MasterThesis/argodsm-no_sync_locking_modified/build/tests
"trivialTests-singlenode" start time: Dec 10 04:13 CET
Output:
----------------------------------------------------------
[==========] Running 1 test from 1 test case.
[----------] Global test environment set-up.
[----------] 1 test from trivialTest
[ RUN      ] trivialTest.alwaysPassl
[       OK ] trivialTest.alwaysPassl (0 ms)
[----------] 1 test from trivialTest (0 ms total)

[----------] Global test environment tear-down
[==========] 1 test from 1 test case ran. (0 ms total)
[  PASSED  ] 1 test.
<end of output>
Test time =   0.03 sec
----------------------------------------------------------
Test Passed.
"trivialTests-singlenode" end time: Dec 10 04:13 CET
"trivialTests-singlenode" time elapsed: 00:00:00
----------------------------------------------------------

2/20 Testing: trivialTests-mpi
2/20 Test: trivialTests-mpi
Command: "/usr/bin/mpirun" "-n" "2" "/mnt/c/Users/21chr/Documents/Universitet/Exjobb/Argo/MasterThesis/argodsm-no_sync_locking_modified/build/bin/mpi/trivialTests"
Directory: /mnt/c/Users/21chr/Documents/Universitet/Exjobb/Argo/MasterThesis/argodsm-no_sync_locking_modified/build/tests
"trivialTests-mpi" start time: Dec 10 04:13 CET
Output:
----------------------------------------------------------
[0;32m[==========] [mRunning 1 test from 1 test case.
[0;32m[----------] [mGlobal test environment set-up.
[0;32m[----------] [m1 test from trivialTest
[0;32m[ RUN      ] [mtrivialTest.alwaysPassl
[0;32m[       OK ] [mtrivialTest.alwaysPassl (0 ms)
[0;32m[----------] [m1 test from trivialTest (0 ms total)

[0;32m[----------] [mGlobal test environment tear-down
[0;32m[==========] [m1 test from 1 test case ran. (0 ms total)
[0;32m[  PASSED  ] [m1 test.
ArgoDSM shutting down
[0;32m[==========] [mRunning 1 test from 1 test case.
[0;32m[----------] [mGlobal test environment set-up.
[0;32m[----------] [m1 test from trivialTest
[0;32m[ RUN      ] [mtrivialTest.alwaysPassl
[0;32m[       OK ] [mtrivialTest.alwaysPassl (0 ms)
[0;32m[----------] [m1 test from trivialTest (0 ms total)

[0;32m[----------] [mGlobal test environment tear-down
[0;32m[==========] [m1 test from 1 test case ran. (0 ms total)
[0;32m[  PASSED  ] [m1 test.
#####################STATISTICS#########################
# PROCESS ID 0 
cachesize:256,CACHELINE:1 wbsize:512
     writebacktime+=(t2-t1): 0.000000
# Storetime : 0.000000 , loadtime :0.000000 flushtime:0.000000, writebacktime: 0.000000
# SSDtime:0.000000, SSItime:0.000000
# Barriertime : 0.000072, selfinvtime 0.000001
stores:0, loads:0, barriers:5
Locks:0
########################################################


#####################STATISTICS#########################
# PROCESS ID 1 
cachesize:256,CACHELINE:1 wbsize:512
     writebacktime+=(t2-t1): 0.000000
# Storetime : 0.000015 , loadtime :0.000046 flushtime:0.000000, writebacktime: 0.000000
# SSDtime:0.000000, SSItime:0.000000
# Barriertime : 0.000026, selfinvtime 0.000010
stores:1, loads:1, barriers:5
Locks:0
########################################################


<end of output>
Test time =   0.39 sec
----------------------------------------------------------
Test Passed.
"trivialTests-mpi" end time: Dec 10 04:13 CET
"trivialTests-mpi" time elapsed: 00:00:00
----------------------------------------------------------

3/20 Testing: allocatorsTests-singlenode
3/20 Test: allocatorsTests-singlenode
Command: "/mnt/c/Users/21chr/Documents/Universitet/Exjobb/Argo/MasterThesis/argodsm-no_sync_locking_modified/build/bin/singlenode/allocatorsTests"
Directory: /mnt/c/Users/21chr/Documents/Universitet/Exjobb/Argo/MasterThesis/argodsm-no_sync_locking_modified/build/tests
"allocatorsTests-singlenode" start time: Dec 10 04:13 CET
Output:
----------------------------------------------------------
[==========] Running 25 tests from 1 test case.
[----------] Global test environment set-up.
[----------] 25 tests from AllocatorTest
[ RUN      ] AllocatorTest.InitialSize
[       OK ] AllocatorTest.InitialSize (0 ms)
[ RUN      ] AllocatorTest.CollectiveAllocZeroBytesCollectively
[       OK ] AllocatorTest.CollectiveAllocZeroBytesCollectively (0 ms)
[ RUN      ] AllocatorTest.CollectiveAllocOneByteCollectively
[       OK ] AllocatorTest.CollectiveAllocOneByteCollectively (0 ms)
[ RUN      ] AllocatorTest.CollectiveCommonAlloc
[       OK ] AllocatorTest.CollectiveCommonAlloc (0 ms)
[ RUN      ] AllocatorTest.Collective200MBTwiceAlloc
[       OK ] AllocatorTest.Collective200MBTwiceAlloc (0 ms)
[ RUN      ] AllocatorTest.CollectiveAllocRequestedSize
[       OK ] AllocatorTest.CollectiveAllocRequestedSize (0 ms)
[ RUN      ] AllocatorTest.CollectiveAllocAll
[       OK ] AllocatorTest.CollectiveAllocAll (0 ms)
[ RUN      ] AllocatorTest.CollectiveAllocAllAndExceedLimit
[       OK ] AllocatorTest.CollectiveAllocAllAndExceedLimit (2 ms)
[ RUN      ] AllocatorTest.CollectiveAllocExceedLimit
[       OK ] AllocatorTest.CollectiveAllocExceedLimit (0 ms)
[ RUN      ] AllocatorTest.CollectiveAllocLoopExceedLimit
[       OK ] AllocatorTest.CollectiveAllocLoopExceedLimit (1 ms)
[ RUN      ] AllocatorTest.DynamicAllocZeroBytesDynamically
[       OK ] AllocatorTest.DynamicAllocZeroBytesDynamically (0 ms)
[ RUN      ] AllocatorTest.DynamicAllocOneByteDynamically
[       OK ] AllocatorTest.DynamicAllocOneByteDynamically (0 ms)
[ RUN      ] AllocatorTest.DynamicCommonAlloc
[       OK ] AllocatorTest.DynamicCommonAlloc (0 ms)
[ RUN      ] AllocatorTest.DynamicAllocRequestedSize
[       OK ] AllocatorTest.DynamicAllocRequestedSize (0 ms)
[ RUN      ] AllocatorTest.DynamicAllocAll
[       OK ] AllocatorTest.DynamicAllocAll (0 ms)
[ RUN      ] AllocatorTest.DynamicAllocAllAndExceedLimit
[       OK ] AllocatorTest.DynamicAllocAllAndExceedLimit (0 ms)
[ RUN      ] AllocatorTest.DynamicAllocExceedLimit
[       OK ] AllocatorTest.DynamicAllocExceedLimit (0 ms)
[ RUN      ] AllocatorTest.DynamicAllocLoopExceedLimit
[       OK ] AllocatorTest.DynamicAllocLoopExceedLimit (0 ms)
[ RUN      ] AllocatorTest.DynamicAllocAllNodes
[       OK ] AllocatorTest.DynamicAllocAllNodes (0 ms)
[ RUN      ] AllocatorTest.StoringDynamicArrayInCollective
[       OK ] AllocatorTest.StoringDynamicArrayInCollective (0 ms)
[ RUN      ] AllocatorTest.DeletingNull
[       OK ] AllocatorTest.DeletingNull (0 ms)
[ RUN      ] AllocatorTest.PerfectForwardingDynamicNew
[       OK ] AllocatorTest.PerfectForwardingDynamicNew (0 ms)
[ RUN      ] AllocatorTest.PerfectForwardingCollectiveNew
[       OK ] AllocatorTest.PerfectForwardingCollectiveNew (0 ms)
[ RUN      ] AllocatorTest.AllocationParametersParsing
[       OK ] AllocatorTest.AllocationParametersParsing (0 ms)
[ RUN      ] AllocatorTest.NewInitialization
[       OK ] AllocatorTest.NewInitialization (0 ms)
[----------] 25 tests from AllocatorTest (3 ms total)

[----------] Global test environment tear-down
[==========] 25 tests from 1 test case ran. (3 ms total)
[  PASSED  ] 25 tests.
<end of output>
Test time =   0.03 sec
----------------------------------------------------------
Test Passed.
"allocatorsTests-singlenode" end time: Dec 10 04:13 CET
"allocatorsTests-singlenode" time elapsed: 00:00:00
----------------------------------------------------------

4/20 Testing: allocatorsTests-mpi
4/20 Test: allocatorsTests-mpi
Command: "/usr/bin/mpirun" "-n" "2" "/mnt/c/Users/21chr/Documents/Universitet/Exjobb/Argo/MasterThesis/argodsm-no_sync_locking_modified/build/bin/mpi/allocatorsTests"
Directory: /mnt/c/Users/21chr/Documents/Universitet/Exjobb/Argo/MasterThesis/argodsm-no_sync_locking_modified/build/tests
"allocatorsTests-mpi" start time: Dec 10 04:13 CET
Output:
----------------------------------------------------------
[0;32m[==========] [mRunning 25 tests from 1 test case.
[0;32m[----------] [mGlobal test environment set-up.
[0;32m[----------] [m25 tests from AllocatorTest
[0;32m[ RUN      ] [mAllocatorTest.InitialSize
[0;32m[==========] [mRunning 25 tests from 1 test case.
[0;32m[----------] [mGlobal test environment set-up.
[0;32m[----------] [m25 tests from AllocatorTest
[0;32m[ RUN      ] [mAllocatorTest.InitialSize
[0;32m[       OK ] [mAllocatorTest.InitialSize (0 ms)
[0;32m[ RUN      ] [mAllocatorTest.CollectiveAllocZeroBytesCollectively
[0;32m[       OK ] [mAllocatorTest.InitialSize (0 ms)
[0;32m[ RUN      ] [mAllocatorTest.CollectiveAllocZeroBytesCollectively
[0;32m[       OK ] [mAllocatorTest.CollectiveAllocZeroBytesCollectively (0 ms)
[0;32m[ RUN      ] [mAllocatorTest.CollectiveAllocOneByteCollectively
[0;32m[       OK ] [mAllocatorTest.CollectiveAllocZeroBytesCollectively (0 ms)
[0;32m[ RUN      ] [mAllocatorTest.CollectiveAllocOneByteCollectively
[0;32m[       OK ] [mAllocatorTest.CollectiveAllocOneByteCollectively (0 ms)
[0;32m[ RUN      ] [mAllocatorTest.CollectiveCommonAlloc
[0;32m[       OK ] [mAllocatorTest.CollectiveAllocOneByteCollectively (0 ms)
[0;32m[ RUN      ] [mAllocatorTest.CollectiveCommonAlloc
[0;32m[       OK ] [mAllocatorTest.CollectiveCommonAlloc (0 ms)
[0;32m[ RUN      ] [mAllocatorTest.Collective200MBTwiceAlloc
[0;32m[       OK ] [mAllocatorTest.CollectiveCommonAlloc (0 ms)
[0;32m[ RUN      ] [mAllocatorTest.Collective200MBTwiceAlloc
[0;32m[       OK ] [mAllocatorTest.Collective200MBTwiceAlloc (0 ms)
[0;32m[ RUN      ] [mAllocatorTest.CollectiveAllocRequestedSize
[0;32m[       OK ] [mAllocatorTest.Collective200MBTwiceAlloc (0 ms)
[0;32m[ RUN      ] [mAllocatorTest.CollectiveAllocRequestedSize
[0;32m[       OK ] [mAllocatorTest.CollectiveAllocRequestedSize (0 ms)
[0;32m[ RUN      ] [mAllocatorTest.CollectiveAllocAll
[0;32m[       OK ] [mAllocatorTest.CollectiveAllocRequestedSize (0 ms)
[0;32m[ RUN      ] [mAllocatorTest.CollectiveAllocAll
[0;32m[       OK ] [mAllocatorTest.CollectiveAllocAll (1 ms)
[0;32m[ RUN      ] [mAllocatorTest.CollectiveAllocAllAndExceedLimit
[0;32m[       OK ] [mAllocatorTest.CollectiveAllocAll (1 ms)
[0;32m[ RUN      ] [mAllocatorTest.CollectiveAllocAllAndExceedLimit
[0;32m[       OK ] [mAllocatorTest.CollectiveAllocAllAndExceedLimit (2 ms)
[0;32m[ RUN      ] [mAllocatorTest.CollectiveAllocExceedLimit
[0;32m[       OK ] [mAllocatorTest.CollectiveAllocAllAndExceedLimit (2 ms)
[0;32m[ RUN      ] [mAllocatorTest.CollectiveAllocExceedLimit
[0;32m[       OK ] [mAllocatorTest.CollectiveAllocExceedLimit (0 ms)
[0;32m[ RUN      ] [mAllocatorTest.CollectiveAllocLoopExceedLimit
[0;32m[       OK ] [mAllocatorTest.CollectiveAllocExceedLimit (0 ms)
[0;32m[ RUN      ] [mAllocatorTest.CollectiveAllocLoopExceedLimit
[0;32m[       OK ] [mAllocatorTest.CollectiveAllocLoopExceedLimit (2 ms)
[0;32m[ RUN      ] [mAllocatorTest.DynamicAllocZeroBytesDynamically
[0;32m[       OK ] [mAllocatorTest.CollectiveAllocLoopExceedLimit (2 ms)
[0;32m[ RUN      ] [mAllocatorTest.DynamicAllocZeroBytesDynamically
[0;32m[       OK ] [mAllocatorTest.DynamicAllocZeroBytesDynamically (0 ms)
[0;32m[ RUN      ] [mAllocatorTest.DynamicAllocOneByteDynamically
[0;32m[       OK ] [mAllocatorTest.DynamicAllocZeroBytesDynamically (0 ms)
[0;32m[ RUN      ] [mAllocatorTest.DynamicAllocOneByteDynamically
[0;32m[       OK ] [mAllocatorTest.DynamicAllocOneByteDynamically (0 ms)
[0;32m[ RUN      ] [mAllocatorTest.DynamicCommonAlloc
[0;32m[       OK ] [mAllocatorTest.DynamicAllocOneByteDynamically (0 ms)
[0;32m[ RUN      ] [mAllocatorTest.DynamicCommonAlloc
[0;32m[       OK ] [mAllocatorTest.DynamicCommonAlloc (0 ms)
[0;32m[ RUN      ] [mAllocatorTest.DynamicAllocRequestedSize
[0;32m[       OK ] [mAllocatorTest.DynamicCommonAlloc (0 ms)
[0;32m[ RUN      ] [mAllocatorTest.DynamicAllocRequestedSize
[0;32m[       OK ] [mAllocatorTest.DynamicAllocRequestedSize (1 ms)
[0;32m[ RUN      ] [mAllocatorTest.DynamicAllocAll
[0;32m[       OK ] [mAllocatorTest.DynamicAllocRequestedSize (1 ms)
[0;32m[ RUN      ] [mAllocatorTest.DynamicAllocAll
[0;32m[       OK ] [mAllocatorTest.DynamicAllocAll (0 ms)
[0;32m[ RUN      ] [mAllocatorTest.DynamicAllocAllAndExceedLimit
[0;32m[       OK ] [mAllocatorTest.DynamicAllocAll (0 ms)
[0;32m[ RUN      ] [mAllocatorTest.DynamicAllocAllAndExceedLimit
[0;32m[       OK ] [mAllocatorTest.DynamicAllocAllAndExceedLimit (0 ms)
[0;32m[ RUN      ] [mAllocatorTest.DynamicAllocExceedLimit
[0;32m[       OK ] [mAllocatorTest.DynamicAllocAllAndExceedLimit (0 ms)
[0;32m[ RUN      ] [mAllocatorTest.DynamicAllocExceedLimit
[0;32m[       OK ] [mAllocatorTest.DynamicAllocExceedLimit (0 ms)
[0;32m[ RUN      ] [mAllocatorTest.DynamicAllocLoopExceedLimit
[0;32m[       OK ] [mAllocatorTest.DynamicAllocExceedLimit (0 ms)
[0;32m[ RUN      ] [mAllocatorTest.DynamicAllocLoopExceedLimit
[0;32m[       OK ] [mAllocatorTest.DynamicAllocLoopExceedLimit (1 ms)
[0;32m[ RUN      ] [mAllocatorTest.DynamicAllocAllNodes
[0;32m[       OK ] [mAllocatorTest.DynamicAllocLoopExceedLimit (1 ms)
[0;32m[ RUN      ] [mAllocatorTest.DynamicAllocAllNodes
[0;32m[       OK ] [mAllocatorTest.DynamicAllocAllNodes (0 ms)
[0;32m[ RUN      ] [mAllocatorTest.StoringDynamicArrayInCollective
[0;32m[       OK ] [mAllocatorTest.DynamicAllocAllNodes (0 ms)
[0;32m[ RUN      ] [mAllocatorTest.StoringDynamicArrayInCollective
[0;32m[       OK ] [mAllocatorTest.StoringDynamicArrayInCollective (6 ms)
[0;32m[ RUN      ] [mAllocatorTest.DeletingNull
[0;32m[       OK ] [mAllocatorTest.StoringDynamicArrayInCollective (6 ms)
[0;32m[ RUN      ] [mAllocatorTest.DeletingNull
[0;32m[       OK ] [mAllocatorTest.DeletingNull (0 ms)
[0;32m[ RUN      ] [mAllocatorTest.PerfectForwardingDynamicNew
[0;32m[       OK ] [mAllocatorTest.DeletingNull (0 ms)
[0;32m[ RUN      ] [mAllocatorTest.PerfectForwardingDynamicNew
[0;32m[       OK ] [mAllocatorTest.PerfectForwardingDynamicNew (0 ms)
[0;32m[ RUN      ] [mAllocatorTest.PerfectForwardingCollectiveNew
[0;32m[       OK ] [mAllocatorTest.PerfectForwardingDynamicNew (0 ms)
[0;32m[ RUN      ] [mAllocatorTest.PerfectForwardingCollectiveNew
[0;32m[       OK ] [mAllocatorTest.PerfectForwardingCollectiveNew (0 ms)
[0;32m[ RUN      ] [mAllocatorTest.AllocationParametersParsing
[0;32m[       OK ] [mAllocatorTest.PerfectForwardingCollectiveNew (0 ms)
[0;32m[ RUN      ] [mAllocatorTest.AllocationParametersParsing
[0;32m[       OK ] [mAllocatorTest.AllocationParametersParsing (0 ms)
[0;32m[ RUN      ] [mAllocatorTest.NewInitialization
[0;32m[       OK ] [mAllocatorTest.AllocationParametersParsing (0 ms)
[0;32m[ RUN      ] [mAllocatorTest.NewInitialization
[0;32m[       OK ] [mAllocatorTest.NewInitialization (0 ms)
[0;32m[----------] [m25 tests from AllocatorTest (13 ms total)

[0;32m[----------] [mGlobal test environment tear-down
[0;32m[==========] [m25 tests from 1 test case ran. (13 ms total)
[0;32m[  PASSED  ] [m25 tests.
[0;32m[       OK ] [mAllocatorTest.NewInitialization (0 ms)
[0;32m[----------] [m25 tests from AllocatorTest (13 ms total)

[0;32m[----------] [mGlobal test environment tear-down
[0;32m[==========] [m25 tests from 1 test case ran. (14 ms total)
[0;32m[  PASSED  ] [m25 tests.
ArgoDSM shutting down
#####################STATISTICS#########################
# PROCESS ID 1 
cachesize:32768,CACHELINE:1 wbsize:512
     writebacktime+=(t2-t1): 0.000000
# Storetime : 0.000305 , loadtime :0.001277 flushtime:0.000000, writebacktime: 0.000000
# SSDtime:0.000000, SSItime:0.000000
# Barriertime : 0.007532, selfinvtime 0.005911
stores:96, loads:119, barriers:304
Locks:0
########################################################


#####################STATISTICS#########################
# PROCESS ID 0 
cachesize:32768,CACHELINE:1 wbsize:512
     writebacktime+=(t2-t1): 0.000000
# Storetime : 0.000000 , loadtime :0.000000 flushtime:0.000000, writebacktime: 0.000000
# SSDtime:0.000000, SSItime:0.000000
# Barriertime : 0.008936, selfinvtime 0.004751
stores:0, loads:0, barriers:304
Locks:0
########################################################


<end of output>
Test time =   0.69 sec
----------------------------------------------------------
Test Passed.
"allocatorsTests-mpi" end time: Dec 10 04:13 CET
"allocatorsTests-mpi" time elapsed: 00:00:00
----------------------------------------------------------

5/20 Testing: prefetchTests-singlenode
5/20 Test: prefetchTests-singlenode
Command: "/mnt/c/Users/21chr/Documents/Universitet/Exjobb/Argo/MasterThesis/argodsm-no_sync_locking_modified/build/bin/singlenode/prefetchTests"
Directory: /mnt/c/Users/21chr/Documents/Universitet/Exjobb/Argo/MasterThesis/argodsm-no_sync_locking_modified/build/tests
"prefetchTests-singlenode" start time: Dec 10 04:13 CET
Output:
----------------------------------------------------------
[==========] Running 4 tests from 1 test case.
[----------] Global test environment set-up.
[----------] 4 tests from PrefetchTest
[ RUN      ] PrefetchTest.FirstPage
[       OK ] PrefetchTest.FirstPage (1 ms)
[ RUN      ] PrefetchTest.OutOfBounds
[       OK ] PrefetchTest.OutOfBounds (0 ms)
[ RUN      ] PrefetchTest.PageBoundaries
[       OK ] PrefetchTest.PageBoundaries (0 ms)
[ RUN      ] PrefetchTest.AccessPrefetched
[       OK ] PrefetchTest.AccessPrefetched (0 ms)
[----------] 4 tests from PrefetchTest (1 ms total)

[----------] Global test environment tear-down
[==========] 4 tests from 1 test case ran. (1 ms total)
[  PASSED  ] 4 tests.
<end of output>
Test time =   0.03 sec
----------------------------------------------------------
Test Passed.
"prefetchTests-singlenode" end time: Dec 10 04:13 CET
"prefetchTests-singlenode" time elapsed: 00:00:00
----------------------------------------------------------

6/20 Testing: prefetchTests-mpi
6/20 Test: prefetchTests-mpi
Command: "/usr/bin/mpirun" "-n" "2" "/mnt/c/Users/21chr/Documents/Universitet/Exjobb/Argo/MasterThesis/argodsm-no_sync_locking_modified/build/bin/mpi/prefetchTests"
Directory: /mnt/c/Users/21chr/Documents/Universitet/Exjobb/Argo/MasterThesis/argodsm-no_sync_locking_modified/build/tests
"prefetchTests-mpi" start time: Dec 10 04:13 CET
Output:
----------------------------------------------------------
[0;32m[==========] [mRunning 4 tests from 1 test case.
[0;32m[----------] [mGlobal test environment set-up.
[0;32m[----------] [m4 tests from PrefetchTest
[0;32m[ RUN      ] [mPrefetchTest.FirstPage
[0;32m[==========] [mRunning 4 tests from 1 test case.
[0;32m[----------] [mGlobal test environment set-up.
[0;32m[----------] [m4 tests from PrefetchTest
[0;32m[ RUN      ] [mPrefetchTest.FirstPage
[0;32m[       OK ] [mPrefetchTest.FirstPage (0 ms)
[0;32m[ RUN      ] [mPrefetchTest.OutOfBounds
[0;32m[       OK ] [mPrefetchTest.FirstPage (0 ms)
[0;32m[ RUN      ] [mPrefetchTest.OutOfBounds
[0;32m[       OK ] [mPrefetchTest.OutOfBounds (0 ms)
[0;32m[ RUN      ] [mPrefetchTest.PageBoundaries
[0;32m[       OK ] [mPrefetchTest.OutOfBounds (0 ms)
[0;32m[ RUN      ] [mPrefetchTest.PageBoundaries
[0;32m[       OK ] [mPrefetchTest.PageBoundaries (1 ms)
[0;32m[ RUN      ] [mPrefetchTest.AccessPrefetched
[0;32m[       OK ] [mPrefetchTest.PageBoundaries (1 ms)
[0;32m[ RUN      ] [mPrefetchTest.AccessPrefetched
[0;32m[       OK ] [mPrefetchTest.AccessPrefetched (0 ms)
[0;32m[----------] [m4 tests from PrefetchTest (1 ms total)

[0;32m[----------] [mGlobal test environment tear-down
[0;32m[       OK ] [mPrefetchTest.AccessPrefetched (0 ms)
[0;32m[----------] [m4 tests from PrefetchTest (1 ms total)

[0;32m[----------] [mGlobal test environment tear-down
[0;32m[==========] [m4 tests from 1 test case ran. (1 ms total)
[0;32m[  PASSED  ] [m4 tests.
ArgoDSM shutting down
[0;32m[==========] [m4 tests from 1 test case ran. (1 ms total)
[0;32m[  PASSED  ] [m4 tests.
#####################STATISTICS#########################
# PROCESS ID 0 
cachesize:32768,CACHELINE:1 wbsize:512
     writebacktime+=(t2-t1): 0.000000
# Storetime : 0.000011 , loadtime :0.000019 flushtime:0.000000, writebacktime: 0.000000
# SSDtime:0.000000, SSItime:0.000000
# Barriertime : 0.000889, selfinvtime 0.000419
stores:1, loads:1, barriers:33
Locks:0
########################################################


#####################STATISTICS#########################
# PROCESS ID 1 
cachesize:32768,CACHELINE:1 wbsize:512
     writebacktime+=(t2-t1): 0.000000
# Storetime : 0.000018 , loadtime :0.000182 flushtime:0.000000, writebacktime: 0.000000
# SSDtime:0.000000, SSItime:0.000000
# Barriertime : 0.000779, selfinvtime 0.000618
stores:1, loads:8, barriers:33
Locks:0
########################################################


<end of output>
Test time =   0.92 sec
----------------------------------------------------------
Test Passed.
"prefetchTests-mpi" end time: Dec 10 04:13 CET
"prefetchTests-mpi" time elapsed: 00:00:00
----------------------------------------------------------

7/20 Testing: apiTests-singlenode
7/20 Test: apiTests-singlenode
Command: "/mnt/c/Users/21chr/Documents/Universitet/Exjobb/Argo/MasterThesis/argodsm-no_sync_locking_modified/build/bin/singlenode/apiTests"
Directory: /mnt/c/Users/21chr/Documents/Universitet/Exjobb/Argo/MasterThesis/argodsm-no_sync_locking_modified/build/tests
"apiTests-singlenode" start time: Dec 10 04:13 CET
Output:
----------------------------------------------------------
[==========] Running 3 tests from 1 test case.
[----------] Global test environment set-up.
[----------] 3 tests from APITest
[ RUN      ] APITest.IsArgoAddress
[       OK ] APITest.IsArgoAddress (0 ms)
[ RUN      ] APITest.GetHomeNode
[       OK ] APITest.GetHomeNode (3 ms)
[ RUN      ] APITest.GetBlockSize
[       OK ] APITest.GetBlockSize (0 ms)
[----------] 3 tests from APITest (3 ms total)

[----------] Global test environment tear-down
[==========] 3 tests from 1 test case ran. (4 ms total)
[  PASSED  ] 3 tests.
<end of output>
Test time =   0.03 sec
----------------------------------------------------------
Test Passed.
"apiTests-singlenode" end time: Dec 10 04:13 CET
"apiTests-singlenode" time elapsed: 00:00:00
----------------------------------------------------------

8/20 Testing: apiTests-mpi
8/20 Test: apiTests-mpi
Command: "/usr/bin/mpirun" "-n" "2" "/mnt/c/Users/21chr/Documents/Universitet/Exjobb/Argo/MasterThesis/argodsm-no_sync_locking_modified/build/bin/mpi/apiTests"
Directory: /mnt/c/Users/21chr/Documents/Universitet/Exjobb/Argo/MasterThesis/argodsm-no_sync_locking_modified/build/tests
"apiTests-mpi" start time: Dec 10 04:13 CET
Output:
----------------------------------------------------------
[0;32m[==========] [mRunning 3 tests from 1 test case.
[0;32m[----------] [mGlobal test environment set-up.
[0;32m[----------] [m3 tests from APITest
[0;32m[ RUN      ] [mAPITest.IsArgoAddress
[0;32m[==========] [mRunning 3 tests from 1 test case.
[0;32m[----------] [mGlobal test environment set-up.
[0;32m[----------] [m3 tests from APITest
[0;32m[ RUN      ] [mAPITest.IsArgoAddress
[0;32m[       OK ] [mAPITest.IsArgoAddress (0 ms)
[0;32m[ RUN      ] [mAPITest.GetHomeNode
[0;32m[       OK ] [mAPITest.IsArgoAddress (0 ms)
[0;32m[ RUN      ] [mAPITest.GetHomeNode
[0;32m[       OK ] [mAPITest.GetHomeNode (152 ms)
[0;32m[ RUN      ] [mAPITest.GetBlockSize
[0;32m[       OK ] [mAPITest.GetHomeNode (152 ms)
[0;32m[ RUN      ] [mAPITest.GetBlockSize
[0;32m[       OK ] [mAPITest.GetBlockSize (0 ms)
[0;32m[----------] [m3 tests from APITest (152 ms total)

[0;32m[----------] [mGlobal test environment tear-down
[0;32m[==========] [m3 tests from 1 test case ran. (152 ms total)
[0;32m[  PASSED  ] [m3 tests.
[0;32m[       OK ] [mAPITest.GetBlockSize (0 ms)
[0;32m[----------] [m3 tests from APITest (152 ms total)

[0;32m[----------] [mGlobal test environment tear-down
[0;32m[==========] [m3 tests from 1 test case ran. (152 ms total)
[0;32m[  PASSED  ] [m3 tests.
ArgoDSM shutting down
#####################STATISTICS#########################
# PROCESS ID 0 
cachesize:2048,CACHELINE:1 wbsize:512
     writebacktime+=(t2-t1): 0.018036
# Storetime : 0.047149 , loadtime :0.030835 flushtime:0.000000, writebacktime: 0.018036
# SSDtime:0.000000, SSItime:0.000000
# Barriertime : 0.023488, selfinvtime 0.003286
stores:4096, loads:1025, barriers:22
Locks:0
########################################################


#####################STATISTICS#########################
# PROCESS ID 1 
cachesize:2048,CACHELINE:1 wbsize:512
     writebacktime+=(t2-t1): 0.016970
# Storetime : 0.045616 , loadtime :0.030829 flushtime:0.000000, writebacktime: 0.016970
# SSDtime:0.000000, SSItime:0.000000
# Barriertime : 0.006671, selfinvtime 0.003006
stores:4097, loads:1026, barriers:22
Locks:0
########################################################


<end of output>
Test time =   0.49 sec
----------------------------------------------------------
Test Passed.
"apiTests-mpi" end time: Dec 10 04:13 CET
"apiTests-mpi" time elapsed: 00:00:00
----------------------------------------------------------

9/20 Testing: ompTests-singlenode
9/20 Test: ompTests-singlenode
Command: "/mnt/c/Users/21chr/Documents/Universitet/Exjobb/Argo/MasterThesis/argodsm-no_sync_locking_modified/build/bin/singlenode/ompTests"
Directory: /mnt/c/Users/21chr/Documents/Universitet/Exjobb/Argo/MasterThesis/argodsm-no_sync_locking_modified/build/tests
"ompTests-singlenode" start time: Dec 10 04:13 CET
Output:
----------------------------------------------------------
[==========] Running 1 test from 1 test case.
[----------] Global test environment set-up.
[----------] 1 test from ompTest
[ RUN      ] ompTest.WriteAndRead
[       OK ] ompTest.WriteAndRead (60 ms)
[----------] 1 test from ompTest (60 ms total)

[----------] Global test environment tear-down
[==========] 1 test from 1 test case ran. (60 ms total)
[  PASSED  ] 1 test.
<end of output>
Test time =   0.09 sec
----------------------------------------------------------
Test Passed.
"ompTests-singlenode" end time: Dec 10 04:13 CET
"ompTests-singlenode" time elapsed: 00:00:00
----------------------------------------------------------

10/20 Testing: ompTests-mpi
10/20 Test: ompTests-mpi
Command: "/usr/bin/mpirun" "-n" "2" "/mnt/c/Users/21chr/Documents/Universitet/Exjobb/Argo/MasterThesis/argodsm-no_sync_locking_modified/build/bin/mpi/ompTests"
Directory: /mnt/c/Users/21chr/Documents/Universitet/Exjobb/Argo/MasterThesis/argodsm-no_sync_locking_modified/build/tests
"ompTests-mpi" start time: Dec 10 04:13 CET
Output:
----------------------------------------------------------
[0;32m[==========] [mRunning 1 test from 1 test case.
[0;32m[----------] [mGlobal test environment set-up.
[0;32m[----------] [m1 test from ompTest
[0;32m[ RUN      ] [mompTest.WriteAndRead
[0;32m[==========] [mRunning 1 test from 1 test case.
[0;32m[----------] [mGlobal test environment set-up.
[0;32m[----------] [m1 test from ompTest
[0;32m[ RUN      ] [mompTest.WriteAndRead
[0;32m[       OK ] [mompTest.WriteAndRead (4788 ms)
[0;32m[----------] [m1 test from ompTest (4788 ms total)

[0;32m[----------] [mGlobal test environment tear-down
[0;32m[==========] [m1 test from 1 test case ran. (4788 ms total)
[0;32m[  PASSED  ] [m1 test.
ArgoDSM shutting down
[0;32m[       OK ] [mompTest.WriteAndRead (4788 ms)
[0;32m[----------] [m1 test from ompTest (4788 ms total)

[0;32m[----------] [mGlobal test environment tear-down
[0;32m[==========] [m1 test from 1 test case ran. (4788 ms total)
[0;32m[  PASSED  ] [m1 test.
#####################STATISTICS#########################
# PROCESS ID 0 
cachesize:32768,CACHELINE:1 wbsize:512
     writebacktime+=(t2-t1): 0.000000
# Storetime : 0.000000 , loadtime :0.000000 flushtime:0.000000, writebacktime: 0.000000
# SSDtime:0.000000, SSItime:0.000000
# Barriertime : 4.728988, selfinvtime 0.004075
stores:0, loads:0, barriers:332
Locks:0
########################################################


#####################STATISTICS#########################
# PROCESS ID 1 
cachesize:32768,CACHELINE:1 wbsize:512
     writebacktime+=(t2-t1): 0.000000
# Storetime : 0.395515 , loadtime :0.091362 flushtime:0.000000, writebacktime: 0.000000
# SSDtime:0.000000, SSItime:0.000000
# Barriertime : 4.591272, selfinvtime 0.025637
stores:8113, loads:1380, barriers:332
Locks:0
########################################################


<end of output>
Test time =   5.43 sec
----------------------------------------------------------
Test Passed.
"ompTests-mpi" end time: Dec 10 04:13 CET
"ompTests-mpi" time elapsed: 00:00:05
----------------------------------------------------------

11/20 Testing: cppSTLTests-singlenode
11/20 Test: cppSTLTests-singlenode
Command: "/mnt/c/Users/21chr/Documents/Universitet/Exjobb/Argo/MasterThesis/argodsm-no_sync_locking_modified/build/bin/singlenode/cppSTLTests"
Directory: /mnt/c/Users/21chr/Documents/Universitet/Exjobb/Argo/MasterThesis/argodsm-no_sync_locking_modified/build/tests
"cppSTLTests-singlenode" start time: Dec 10 04:13 CET
Output:
----------------------------------------------------------
[==========] Running 2 tests from 1 test case.
[----------] Global test environment set-up.
[----------] 2 tests from cppTest
[ RUN      ] cppTest.simpleList
[       OK ] cppTest.simpleList (0 ms)
[ RUN      ] cppTest.simpleVector
[       OK ] cppTest.simpleVector (0 ms)
[----------] 2 tests from cppTest (0 ms total)

[----------] Global test environment tear-down
[==========] 2 tests from 1 test case ran. (0 ms total)
[  PASSED  ] 2 tests.
<end of output>
Test time =   0.03 sec
----------------------------------------------------------
Test Passed.
"cppSTLTests-singlenode" end time: Dec 10 04:13 CET
"cppSTLTests-singlenode" time elapsed: 00:00:00
----------------------------------------------------------

12/20 Testing: cppSTLTests-mpi
12/20 Test: cppSTLTests-mpi
Command: "/usr/bin/mpirun" "-n" "2" "/mnt/c/Users/21chr/Documents/Universitet/Exjobb/Argo/MasterThesis/argodsm-no_sync_locking_modified/build/bin/mpi/cppSTLTests"
Directory: /mnt/c/Users/21chr/Documents/Universitet/Exjobb/Argo/MasterThesis/argodsm-no_sync_locking_modified/build/tests
"cppSTLTests-mpi" start time: Dec 10 04:13 CET
Output:
----------------------------------------------------------
[0;32m[==========] [mRunning 2 tests from 1 test case.
[0;32m[----------] [mGlobal test environment set-up.
[0;32m[----------] [m2 tests from cppTest
[0;32m[ RUN      ] [mcppTest.simpleList
[0;32m[==========] [mRunning 2 tests from 1 test case.
[0;32m[----------] [mGlobal test environment set-up.
[0;32m[----------] [m2 tests from cppTest
[0;32m[ RUN      ] [mcppTest.simpleList
[0;32m[       OK ] [mcppTest.simpleList (0 ms)
[0;32m[ RUN      ] [mcppTest.simpleVector
[0;32m[       OK ] [mcppTest.simpleList (0 ms)
[0;32m[ RUN      ] [mcppTest.simpleVector
[0;32m[       OK ] [mcppTest.simpleVector (0 ms)
[0;32m[----------] [m2 tests from cppTest (0 ms total)

[0;32m[----------] [mGlobal test environment tear-down
[0;32m[==========] [m2 tests from 1 test case ran. (0 ms total)
[0;32m[  PASSED  ] [m2 tests.
[0;32m[       OK ] [mcppTest.simpleVector (0 ms)
[0;32m[----------] [m2 tests from cppTest (0 ms total)

[0;32m[----------] [mGlobal test environment tear-down
[0;32m[==========] [m2 tests from 1 test case ran. (0 ms total)
[0;32m[  PASSED  ] [m2 tests.
ArgoDSM shutting down
#####################STATISTICS#########################
# PROCESS ID 1 
cachesize:32768,CACHELINE:1 wbsize:512
     writebacktime+=(t2-t1): 0.000000
# Storetime : 0.000050 , loadtime :0.000147 flushtime:0.000000, writebacktime: 0.000000
# SSDtime:0.000000, SSItime:0.000000
# Barriertime : 0.000435, selfinvtime 0.000341
stores:8, loads:6, barriers:23
Locks:0
########################################################


#####################STATISTICS#########################
# PROCESS ID 0 
cachesize:32768,CACHELINE:1 wbsize:512
     writebacktime+=(t2-t1): 0.000000
# Storetime : 0.000000 , loadtime :0.000000 flushtime:0.000000, writebacktime: 0.000000
# SSDtime:0.000000, SSItime:0.000000
# Barriertime : 0.000630, selfinvtime 0.000264
stores:0, loads:0, barriers:23
Locks:0
########################################################


<end of output>
Test time =   0.94 sec
----------------------------------------------------------
Test Passed.
"cppSTLTests-mpi" end time: Dec 10 04:13 CET
"cppSTLTests-mpi" time elapsed: 00:00:00
----------------------------------------------------------

13/20 Testing: barrierTests-singlenode
13/20 Test: barrierTests-singlenode
Command: "/mnt/c/Users/21chr/Documents/Universitet/Exjobb/Argo/MasterThesis/argodsm-no_sync_locking_modified/build/bin/singlenode/barrierTests"
Directory: /mnt/c/Users/21chr/Documents/Universitet/Exjobb/Argo/MasterThesis/argodsm-no_sync_locking_modified/build/tests
"barrierTests-singlenode" start time: Dec 10 04:13 CET
Output:
----------------------------------------------------------
[==========] Running 130 tests from 2 test cases.
[----------] Global test environment set-up.
[----------] 1 test from barrierTest
[ RUN      ] barrierTest.simpleBarrier
[       OK ] barrierTest.simpleBarrier (0 ms)
[----------] 1 test from barrierTest (0 ms total)

[----------] 129 tests from threadCount/barrierTest
[ RUN      ] threadCount/barrierTest.threadBarrier/0
[       OK ] threadCount/barrierTest.threadBarrier/0 (0 ms)
[ RUN      ] threadCount/barrierTest.threadBarrier/1
[       OK ] threadCount/barrierTest.threadBarrier/1 (0 ms)
[ RUN      ] threadCount/barrierTest.threadBarrier/2
[       OK ] threadCount/barrierTest.threadBarrier/2 (0 ms)
[ RUN      ] threadCount/barrierTest.threadBarrier/3
[       OK ] threadCount/barrierTest.threadBarrier/3 (1 ms)
[ RUN      ] threadCount/barrierTest.threadBarrier/4
[       OK ] threadCount/barrierTest.threadBarrier/4 (1 ms)
[ RUN      ] threadCount/barrierTest.threadBarrier/5
[       OK ] threadCount/barrierTest.threadBarrier/5 (2 ms)
[ RUN      ] threadCount/barrierTest.threadBarrier/6
[       OK ] threadCount/barrierTest.threadBarrier/6 (2 ms)
[ RUN      ] threadCount/barrierTest.threadBarrier/7
[       OK ] threadCount/barrierTest.threadBarrier/7 (4 ms)
[ RUN      ] threadCount/barrierTest.threadBarrier/8
[       OK ] threadCount/barrierTest.threadBarrier/8 (4 ms)
[ RUN      ] threadCount/barrierTest.threadBarrier/9
[       OK ] threadCount/barrierTest.threadBarrier/9 (6 ms)
[ RUN      ] threadCount/barrierTest.threadBarrier/10
[       OK ] threadCount/barrierTest.threadBarrier/10 (7 ms)
[ RUN      ] threadCount/barrierTest.threadBarrier/11
[       OK ] threadCount/barrierTest.threadBarrier/11 (10 ms)
[ RUN      ] threadCount/barrierTest.threadBarrier/12
[       OK ] threadCount/barrierTest.threadBarrier/12 (15 ms)
[ RUN      ] threadCount/barrierTest.threadBarrier/13
[       OK ] threadCount/barrierTest.threadBarrier/13 (14 ms)
[ RUN      ] threadCount/barrierTest.threadBarrier/14
[       OK ] threadCount/barrierTest.threadBarrier/14 (16 ms)
[ RUN      ] threadCount/barrierTest.threadBarrier/15
[       OK ] threadCount/barrierTest.threadBarrier/15 (19 ms)
[ RUN      ] threadCount/barrierTest.threadBarrier/16
[       OK ] threadCount/barrierTest.threadBarrier/16 (22 ms)
[ RUN      ] threadCount/barrierTest.threadBarrier/17
[       OK ] threadCount/barrierTest.threadBarrier/17 (26 ms)
[ RUN      ] threadCount/barrierTest.threadBarrier/18
[       OK ] threadCount/barrierTest.threadBarrier/18 (27 ms)
[ RUN      ] threadCount/barrierTest.threadBarrier/19
[       OK ] threadCount/barrierTest.threadBarrier/19 (28 ms)
[ RUN      ] threadCount/barrierTest.threadBarrier/20
[       OK ] threadCount/barrierTest.threadBarrier/20 (32 ms)
[ RUN      ] threadCount/barrierTest.threadBarrier/21
[       OK ] threadCount/barrierTest.threadBarrier/21 (35 ms)
[ RUN      ] threadCount/barrierTest.threadBarrier/22
[       OK ] threadCount/barrierTest.threadBarrier/22 (39 ms)
[ RUN      ] threadCount/barrierTest.threadBarrier/23
[       OK ] threadCount/barrierTest.threadBarrier/23 (41 ms)
[ RUN      ] threadCount/barrierTest.threadBarrier/24
[       OK ] threadCount/barrierTest.threadBarrier/24 (41 ms)
[ RUN      ] threadCount/barrierTest.threadBarrier/25
[       OK ] threadCount/barrierTest.threadBarrier/25 (45 ms)
[ RUN      ] threadCount/barrierTest.threadBarrier/26
[       OK ] threadCount/barrierTest.threadBarrier/26 (49 ms)
[ RUN      ] threadCount/barrierTest.threadBarrier/27
[       OK ] threadCount/barrierTest.threadBarrier/27 (53 ms)
[ RUN      ] threadCount/barrierTest.threadBarrier/28
[       OK ] threadCount/barrierTest.threadBarrier/28 (55 ms)
[ RUN      ] threadCount/barrierTest.threadBarrier/29
[       OK ] threadCount/barrierTest.threadBarrier/29 (59 ms)
[ RUN      ] threadCount/barrierTest.threadBarrier/30
[       OK ] threadCount/barrierTest.threadBarrier/30 (64 ms)
[ RUN      ] threadCount/barrierTest.threadBarrier/31
[       OK ] threadCount/barrierTest.threadBarrier/31 (70 ms)
[ RUN      ] threadCount/barrierTest.threadBarrier/32
[       OK ] threadCount/barrierTest.threadBarrier/32 (76 ms)
[ RUN      ] threadCount/barrierTest.threadBarrier/33
[       OK ] threadCount/barrierTest.threadBarrier/33 (77 ms)
[ RUN      ] threadCount/barrierTest.threadBarrier/34
[       OK ] threadCount/barrierTest.threadBarrier/34 (86 ms)
[ RUN      ] threadCount/barrierTest.threadBarrier/35
[       OK ] threadCount/barrierTest.threadBarrier/35 (90 ms)
[ RUN      ] threadCount/barrierTest.threadBarrier/36
[       OK ] threadCount/barrierTest.threadBarrier/36 (92 ms)
[ RUN      ] threadCount/barrierTest.threadBarrier/37
[       OK ] threadCount/barrierTest.threadBarrier/37 (97 ms)
[ RUN      ] threadCount/barrierTest.threadBarrier/38
[       OK ] threadCount/barrierTest.threadBarrier/38 (102 ms)
[ RUN      ] threadCount/barrierTest.threadBarrier/39
[       OK ] threadCount/barrierTest.threadBarrier/39 (112 ms)
[ RUN      ] threadCount/barrierTest.threadBarrier/40
[       OK ] threadCount/barrierTest.threadBarrier/40 (121 ms)
[ RUN      ] threadCount/barrierTest.threadBarrier/41
[       OK ] threadCount/barrierTest.threadBarrier/41 (131 ms)
[ RUN      ] threadCount/barrierTest.threadBarrier/42
[       OK ] threadCount/barrierTest.threadBarrier/42 (136 ms)
[ RUN      ] threadCount/barrierTest.threadBarrier/43
[       OK ] threadCount/barrierTest.threadBarrier/43 (143 ms)
[ RUN      ] threadCount/barrierTest.threadBarrier/44
[       OK ] threadCount/barrierTest.threadBarrier/44 (146 ms)
[ RUN      ] threadCount/barrierTest.threadBarrier/45
[       OK ] threadCount/barrierTest.threadBarrier/45 (156 ms)
[ RUN      ] threadCount/barrierTest.threadBarrier/46
[       OK ] threadCount/barrierTest.threadBarrier/46 (166 ms)
[ RUN      ] threadCount/barrierTest.threadBarrier/47
[       OK ] threadCount/barrierTest.threadBarrier/47 (175 ms)
[ RUN      ] threadCount/barrierTest.threadBarrier/48
[       OK ] threadCount/barrierTest.threadBarrier/48 (171 ms)
[ RUN      ] threadCount/barrierTest.threadBarrier/49
[       OK ] threadCount/barrierTest.threadBarrier/49 (182 ms)
[ RUN      ] threadCount/barrierTest.threadBarrier/50
[       OK ] threadCount/barrierTest.threadBarrier/50 (190 ms)
[ RUN      ] threadCount/barrierTest.threadBarrier/51
[       OK ] threadCount/barrierTest.threadBarrier/51 (207 ms)
[ RUN      ] threadCount/barrierTest.threadBarrier/52
[       OK ] threadCount/barrierTest.threadBarrier/52 (197 ms)
[ RUN      ] threadCount/barrierTest.threadBarrier/53
[       OK ] threadCount/barrierTest.threadBarrier/53 (199 ms)
[ RUN      ] threadCount/barrierTest.threadBarrier/54
[       OK ] threadCount/barrierTest.threadBarrier/54 (211 ms)
[ RUN      ] threadCount/barrierTest.threadBarrier/55
[       OK ] threadCount/barrierTest.threadBarrier/55 (223 ms)
[ RUN      ] threadCount/barrierTest.threadBarrier/56
[       OK ] threadCount/barrierTest.threadBarrier/56 (227 ms)
[ RUN      ] threadCount/barrierTest.threadBarrier/57
[       OK ] threadCount/barrierTest.threadBarrier/57 (234 ms)
[ RUN      ] threadCount/barrierTest.threadBarrier/58
[       OK ] threadCount/barrierTest.threadBarrier/58 (240 ms)
[ RUN      ] threadCount/barrierTest.threadBarrier/59
[       OK ] threadCount/barrierTest.threadBarrier/59 (259 ms)
[ RUN      ] threadCount/barrierTest.threadBarrier/60
[       OK ] threadCount/barrierTest.threadBarrier/60 (260 ms)
[ RUN      ] threadCount/barrierTest.threadBarrier/61
[       OK ] threadCount/barrierTest.threadBarrier/61 (266 ms)
[ RUN      ] threadCount/barrierTest.threadBarrier/62
[       OK ] threadCount/barrierTest.threadBarrier/62 (282 ms)
[ RUN      ] threadCount/barrierTest.threadBarrier/63
[       OK ] threadCount/barrierTest.threadBarrier/63 (289 ms)
[ RUN      ] threadCount/barrierTest.threadBarrier/64
[       OK ] threadCount/barrierTest.threadBarrier/64 (292 ms)
[ RUN      ] threadCount/barrierTest.threadBarrier/65
[       OK ] threadCount/barrierTest.threadBarrier/65 (301 ms)
[ RUN      ] threadCount/barrierTest.threadBarrier/66
[       OK ] threadCount/barrierTest.threadBarrier/66 (314 ms)
[ RUN      ] threadCount/barrierTest.threadBarrier/67
[       OK ] threadCount/barrierTest.threadBarrier/67 (325 ms)
[ RUN      ] threadCount/barrierTest.threadBarrier/68
[       OK ] threadCount/barrierTest.threadBarrier/68 (332 ms)
[ RUN      ] threadCount/barrierTest.threadBarrier/69
[       OK ] threadCount/barrierTest.threadBarrier/69 (343 ms)
[ RUN      ] threadCount/barrierTest.threadBarrier/70
[       OK ] threadCount/barrierTest.threadBarrier/70 (354 ms)
[ RUN      ] threadCount/barrierTest.threadBarrier/71
[       OK ] threadCount/barrierTest.threadBarrier/71 (364 ms)
[ RUN      ] threadCount/barrierTest.threadBarrier/72
[       OK ] threadCount/barrierTest.threadBarrier/72 (373 ms)
[ RUN      ] threadCount/barrierTest.threadBarrier/73
[       OK ] threadCount/barrierTest.threadBarrier/73 (386 ms)
[ RUN      ] threadCount/barrierTest.threadBarrier/74
[       OK ] threadCount/barrierTest.threadBarrier/74 (390 ms)
[ RUN      ] threadCount/barrierTest.threadBarrier/75
[       OK ] threadCount/barrierTest.threadBarrier/75 (410 ms)
[ RUN      ] threadCount/barrierTest.threadBarrier/76
[       OK ] threadCount/barrierTest.threadBarrier/76 (413 ms)
[ RUN      ] threadCount/barrierTest.threadBarrier/77
[       OK ] threadCount/barrierTest.threadBarrier/77 (425 ms)
[ RUN      ] threadCount/barrierTest.threadBarrier/78
[       OK ] threadCount/barrierTest.threadBarrier/78 (445 ms)
[ RUN      ] threadCount/barrierTest.threadBarrier/79
[       OK ] threadCount/barrierTest.threadBarrier/79 (454 ms)
[ RUN      ] threadCount/barrierTest.threadBarrier/80
[       OK ] threadCount/barrierTest.threadBarrier/80 (451 ms)
[ RUN      ] threadCount/barrierTest.threadBarrier/81
[       OK ] threadCount/barrierTest.threadBarrier/81 (480 ms)
[ RUN      ] threadCount/barrierTest.threadBarrier/82
[       OK ] threadCount/barrierTest.threadBarrier/82 (482 ms)
[ RUN      ] threadCount/barrierTest.threadBarrier/83
[       OK ] threadCount/barrierTest.threadBarrier/83 (500 ms)
[ RUN      ] threadCount/barrierTest.threadBarrier/84
[       OK ] threadCount/barrierTest.threadBarrier/84 (504 ms)
[ RUN      ] threadCount/barrierTest.threadBarrier/85
[       OK ] threadCount/barrierTest.threadBarrier/85 (517 ms)
[ RUN      ] threadCount/barrierTest.threadBarrier/86
[       OK ] threadCount/barrierTest.threadBarrier/86 (528 ms)
[ RUN      ] threadCount/barrierTest.threadBarrier/87
[       OK ] threadCount/barrierTest.threadBarrier/87 (554 ms)
[ RUN      ] threadCount/barrierTest.threadBarrier/88
[       OK ] threadCount/barrierTest.threadBarrier/88 (557 ms)
[ RUN      ] threadCount/barrierTest.threadBarrier/89
[       OK ] threadCount/barrierTest.threadBarrier/89 (568 ms)
[ RUN      ] threadCount/barrierTest.threadBarrier/90
[       OK ] threadCount/barrierTest.threadBarrier/90 (576 ms)
[ RUN      ] threadCount/barrierTest.threadBarrier/91
[       OK ] threadCount/barrierTest.threadBarrier/91 (590 ms)
[ RUN      ] threadCount/barrierTest.threadBarrier/92
[       OK ] threadCount/barrierTest.threadBarrier/92 (598 ms)
[ RUN      ] threadCount/barrierTest.threadBarrier/93
[       OK ] threadCount/barrierTest.threadBarrier/93 (617 ms)
[ RUN      ] threadCount/barrierTest.threadBarrier/94
[       OK ] threadCount/barrierTest.threadBarrier/94 (671 ms)
[ RUN      ] threadCount/barrierTest.threadBarrier/95
[       OK ] threadCount/barrierTest.threadBarrier/95 (685 ms)
[ RUN      ] threadCount/barrierTest.threadBarrier/96
[       OK ] threadCount/barrierTest.threadBarrier/96 (820 ms)
[ RUN      ] threadCount/barrierTest.threadBarrier/97
[       OK ] threadCount/barrierTest.threadBarrier/97 (869 ms)
[ RUN      ] threadCount/barrierTest.threadBarrier/98
[       OK ] threadCount/barrierTest.threadBarrier/98 (824 ms)
[ RUN      ] threadCount/barrierTest.threadBarrier/99
[       OK ] threadCount/barrierTest.threadBarrier/99 (778 ms)
[ RUN      ] threadCount/barrierTest.threadBarrier/100
[       OK ] threadCount/barrierTest.threadBarrier/100 (823 ms)
[ RUN      ] threadCount/barrierTest.threadBarrier/101
[       OK ] threadCount/barrierTest.threadBarrier/101 (870 ms)
[ RUN      ] threadCount/barrierTest.threadBarrier/102
[       OK ] threadCount/barrierTest.threadBarrier/102 (802 ms)
[ RUN      ] threadCount/barrierTest.threadBarrier/103
[       OK ] threadCount/barrierTest.threadBarrier/103 (776 ms)
[ RUN      ] threadCount/barrierTest.threadBarrier/104
[       OK ] threadCount/barrierTest.threadBarrier/104 (777 ms)
[ RUN      ] threadCount/barrierTest.threadBarrier/105
[       OK ] threadCount/barrierTest.threadBarrier/105 (782 ms)
[ RUN      ] threadCount/barrierTest.threadBarrier/106
[       OK ] threadCount/barrierTest.threadBarrier/106 (811 ms)
[ RUN      ] threadCount/barrierTest.threadBarrier/107
[       OK ] threadCount/barrierTest.threadBarrier/107 (833 ms)
[ RUN      ] threadCount/barrierTest.threadBarrier/108
[       OK ] threadCount/barrierTest.threadBarrier/108 (935 ms)
[ RUN      ] threadCount/barrierTest.threadBarrier/109
[       OK ] threadCount/barrierTest.threadBarrier/109 (1009 ms)
[ RUN      ] threadCount/barrierTest.threadBarrier/110
[       OK ] threadCount/barrierTest.threadBarrier/110 (1101 ms)
[ RUN      ] threadCount/barrierTest.threadBarrier/111
[       OK ] threadCount/barrierTest.threadBarrier/111 (1107 ms)
[ RUN      ] threadCount/barrierTest.threadBarrier/112
[       OK ] threadCount/barrierTest.threadBarrier/112 (1098 ms)
[ RUN      ] threadCount/barrierTest.threadBarrier/113
[       OK ] threadCount/barrierTest.threadBarrier/113 (1114 ms)
[ RUN      ] threadCount/barrierTest.threadBarrier/114
[       OK ] threadCount/barrierTest.threadBarrier/114 (1381 ms)
[ RUN      ] threadCount/barrierTest.threadBarrier/115
[       OK ] threadCount/barrierTest.threadBarrier/115 (1374 ms)
[ RUN      ] threadCount/barrierTest.threadBarrier/116
[       OK ] threadCount/barrierTest.threadBarrier/116 (1343 ms)
[ RUN      ] threadCount/barrierTest.threadBarrier/117
[       OK ] threadCount/barrierTest.threadBarrier/117 (1273 ms)
[ RUN      ] threadCount/barrierTest.threadBarrier/118
[       OK ] threadCount/barrierTest.threadBarrier/118 (1321 ms)
[ RUN      ] threadCount/barrierTest.threadBarrier/119
[       OK ] threadCount/barrierTest.threadBarrier/119 (1231 ms)
[ RUN      ] threadCount/barrierTest.threadBarrier/120
[       OK ] threadCount/barrierTest.threadBarrier/120 (1194 ms)
[ RUN      ] threadCount/barrierTest.threadBarrier/121
[       OK ] threadCount/barrierTest.threadBarrier/121 (1416 ms)
[ RUN      ] threadCount/barrierTest.threadBarrier/122
[       OK ] threadCount/barrierTest.threadBarrier/122 (1887 ms)
[ RUN      ] threadCount/barrierTest.threadBarrier/123
[       OK ] threadCount/barrierTest.threadBarrier/123 (1606 ms)
[ RUN      ] threadCount/barrierTest.threadBarrier/124
[       OK ] threadCount/barrierTest.threadBarrier/124 (1659 ms)
[ RUN      ] threadCount/barrierTest.threadBarrier/125
[       OK ] threadCount/barrierTest.threadBarrier/125 (1404 ms)
[ RUN      ] threadCount/barrierTest.threadBarrier/126
[       OK ] threadCount/barrierTest.threadBarrier/126 (1446 ms)
[ RUN      ] threadCount/barrierTest.threadBarrier/127
[       OK ] threadCount/barrierTest.threadBarrier/127 (1372 ms)
[ RUN      ] threadCount/barrierTest.threadBarrier/128
[       OK ] threadCount/barrierTest.threadBarrier/128 (1296 ms)
[----------] 129 tests from threadCount/barrierTest (58466 ms total)

[----------] Global test environment tear-down
[==========] 130 tests from 2 test cases ran. (58466 ms total)
[  PASSED  ] 130 tests.
<end of output>
Test time =  58.49 sec
----------------------------------------------------------
Test Passed.
"barrierTests-singlenode" end time: Dec 10 04:14 CET
"barrierTests-singlenode" time elapsed: 00:00:58
----------------------------------------------------------

14/20 Testing: barrierTests-mpi
14/20 Test: barrierTests-mpi
Command: "/usr/bin/mpirun" "-n" "2" "/mnt/c/Users/21chr/Documents/Universitet/Exjobb/Argo/MasterThesis/argodsm-no_sync_locking_modified/build/bin/mpi/barrierTests"
Directory: /mnt/c/Users/21chr/Documents/Universitet/Exjobb/Argo/MasterThesis/argodsm-no_sync_locking_modified/build/tests
"barrierTests-mpi" start time: Dec 10 04:14 CET
Output:
----------------------------------------------------------
[0;32m[==========] [mRunning 130 tests from 2 test cases.
[0;32m[----------] [mGlobal test environment set-up.
[0;32m[----------] [m1 test from barrierTest
[0;32m[ RUN      ] [mbarrierTest.simpleBarrier
[0;32m[==========] [mRunning 130 tests from 2 test cases.
[0;32m[----------] [mGlobal test environment set-up.
[0;32m[----------] [m1 test from barrierTest
[0;32m[ RUN      ] [mbarrierTest.simpleBarrier
[0;32m[       OK ] [mbarrierTest.simpleBarrier (0 ms)
[0;32m[----------] [m1 test from barrierTest (0 ms total)

[0;32m[----------] [m129 tests from threadCount/barrierTest
[0;32m[ RUN      ] [mthreadCount/barrierTest.threadBarrier/0
[0;32m[       OK ] [mbarrierTest.simpleBarrier (0 ms)
[0;32m[----------] [m1 test from barrierTest (0 ms total)

[0;32m[----------] [m129 tests from threadCount/barrierTest
[0;32m[ RUN      ] [mthreadCount/barrierTest.threadBarrier/0
[0;32m[       OK ] [mthreadCount/barrierTest.threadBarrier/0 (0 ms)
[0;32m[ RUN      ] [mthreadCount/barrierTest.threadBarrier/1
[0;32m[       OK ] [mthreadCount/barrierTest.threadBarrier/0 (0 ms)
[0;32m[ RUN      ] [mthreadCount/barrierTest.threadBarrier/1
[0;32m[       OK ] [mthreadCount/barrierTest.threadBarrier/1 (0 ms)
[0;32m[ RUN      ] [mthreadCount/barrierTest.threadBarrier/2
[0;32m[       OK ] [mthreadCount/barrierTest.threadBarrier/1 (0 ms)
[0;32m[ RUN      ] [mthreadCount/barrierTest.threadBarrier/2
[0;32m[       OK ] [mthreadCount/barrierTest.threadBarrier/2 (1 ms)
[0;32m[ RUN      ] [mthreadCount/barrierTest.threadBarrier/3
[0;32m[       OK ] [mthreadCount/barrierTest.threadBarrier/2 (1 ms)
[0;32m[ RUN      ] [mthreadCount/barrierTest.threadBarrier/3
[0;32m[       OK ] [mthreadCount/barrierTest.threadBarrier/3 (1 ms)
[0;32m[ RUN      ] [mthreadCount/barrierTest.threadBarrier/4
[0;32m[       OK ] [mthreadCount/barrierTest.threadBarrier/3 (1 ms)
[0;32m[ RUN      ] [mthreadCount/barrierTest.threadBarrier/4
[0;32m[       OK ] [mthreadCount/barrierTest.threadBarrier/4 (1 ms)
[0;32m[ RUN      ] [mthreadCount/barrierTest.threadBarrier/5
[0;32m[       OK ] [mthreadCount/barrierTest.threadBarrier/4 (1 ms)
[0;32m[ RUN      ] [mthreadCount/barrierTest.threadBarrier/5
[0;32m[       OK ] [mthreadCount/barrierTest.threadBarrier/5 (2 ms)
[0;32m[ RUN      ] [mthreadCount/barrierTest.threadBarrier/6
[0;32m[       OK ] [mthreadCount/barrierTest.threadBarrier/5 (2 ms)
[0;32m[ RUN      ] [mthreadCount/barrierTest.threadBarrier/6
[0;32m[       OK ] [mthreadCount/barrierTest.threadBarrier/6 (1 ms)
[0;32m[ RUN      ] [mthreadCount/barrierTest.threadBarrier/7
[0;32m[       OK ] [mthreadCount/barrierTest.threadBarrier/6 (1 ms)
[0;32m[ RUN      ] [mthreadCount/barrierTest.threadBarrier/7
[0;32m[       OK ] [mthreadCount/barrierTest.threadBarrier/7 (3 ms)
[0;32m[ RUN      ] [mthreadCount/barrierTest.threadBarrier/8
[0;32m[       OK ] [mthreadCount/barrierTest.threadBarrier/7 (3 ms)
[0;32m[ RUN      ] [mthreadCount/barrierTest.threadBarrier/8
[0;32m[       OK ] [mthreadCount/barrierTest.threadBarrier/8 (2 ms)
[0;32m[ RUN      ] [mthreadCount/barrierTest.threadBarrier/9
[0;32m[       OK ] [mthreadCount/barrierTest.threadBarrier/8 (2 ms)
[0;32m[ RUN      ] [mthreadCount/barrierTest.threadBarrier/9
[0;32m[       OK ] [mthreadCount/barrierTest.threadBarrier/9 (2 ms)
[0;32m[ RUN      ] [mthreadCount/barrierTest.threadBarrier/10
[0;32m[       OK ] [mthreadCount/barrierTest.threadBarrier/9 (2 ms)
[0;32m[ RUN      ] [mthreadCount/barrierTest.threadBarrier/10
[0;32m[       OK ] [mthreadCount/barrierTest.threadBarrier/10 (3 ms)
[0;32m[ RUN      ] [mthreadCount/barrierTest.threadBarrier/11
[0;32m[       OK ] [mthreadCount/barrierTest.threadBarrier/10 (3 ms)
[0;32m[ RUN      ] [mthreadCount/barrierTest.threadBarrier/11
[0;32m[       OK ] [mthreadCount/barrierTest.threadBarrier/11 (3 ms)
[0;32m[ RUN      ] [mthreadCount/barrierTest.threadBarrier/12
[0;32m[       OK ] [mthreadCount/barrierTest.threadBarrier/11 (3 ms)
[0;32m[ RUN      ] [mthreadCount/barrierTest.threadBarrier/12
[0;32m[       OK ] [mthreadCount/barrierTest.threadBarrier/12 (3 ms)
[0;32m[ RUN      ] [mthreadCount/barrierTest.threadBarrier/13
[0;32m[       OK ] [mthreadCount/barrierTest.threadBarrier/12 (3 ms)
[0;32m[ RUN      ] [mthreadCount/barrierTest.threadBarrier/13
[0;32m[       OK ] [mthreadCount/barrierTest.threadBarrier/13 (3 ms)
[0;32m[ RUN      ] [mthreadCount/barrierTest.threadBarrier/14
[0;32m[       OK ] [mthreadCount/barrierTest.threadBarrier/13 (3 ms)
[0;32m[ RUN      ] [mthreadCount/barrierTest.threadBarrier/14
[0;32m[       OK ] [mthreadCount/barrierTest.threadBarrier/14 (4 ms)
[0;32m[ RUN      ] [mthreadCount/barrierTest.threadBarrier/15
[0;32m[       OK ] [mthreadCount/barrierTest.threadBarrier/14 (4 ms)
[0;32m[ RUN      ] [mthreadCount/barrierTest.threadBarrier/15
[0;32m[       OK ] [mthreadCount/barrierTest.threadBarrier/15 (4 ms)
[0;32m[ RUN      ] [mthreadCount/barrierTest.threadBarrier/16
[0;32m[       OK ] [mthreadCount/barrierTest.threadBarrier/15 (4 ms)
[0;32m[ RUN      ] [mthreadCount/barrierTest.threadBarrier/16
[0;32m[       OK ] [mthreadCount/barrierTest.threadBarrier/16 (4 ms)
[0;32m[ RUN      ] [mthreadCount/barrierTest.threadBarrier/17
[0;32m[       OK ] [mthreadCount/barrierTest.threadBarrier/16 (4 ms)
[0;32m[ RUN      ] [mthreadCount/barrierTest.threadBarrier/17
[0;32m[       OK ] [mthreadCount/barrierTest.threadBarrier/17 (5 ms)
[0;32m[ RUN      ] [mthreadCount/barrierTest.threadBarrier/18
[0;32m[       OK ] [mthreadCount/barrierTest.threadBarrier/17 (5 ms)
[0;32m[ RUN      ] [mthreadCount/barrierTest.threadBarrier/18
[0;32m[       OK ] [mthreadCount/barrierTest.threadBarrier/18 (5 ms)
[0;32m[ RUN      ] [mthreadCount/barrierTest.threadBarrier/19
[0;32m[       OK ] [mthreadCount/barrierTest.threadBarrier/18 (5 ms)
[0;32m[ RUN      ] [mthreadCount/barrierTest.threadBarrier/19
[0;32m[       OK ] [mthreadCount/barrierTest.threadBarrier/19 (6 ms)
[0;32m[ RUN      ] [mthreadCount/barrierTest.threadBarrier/20
[0;32m[       OK ] [mthreadCount/barrierTest.threadBarrier/19 (6 ms)
[0;32m[ RUN      ] [mthreadCount/barrierTest.threadBarrier/20
[0;32m[       OK ] [mthreadCount/barrierTest.threadBarrier/20 (5 ms)
[0;32m[ RUN      ] [mthreadCount/barrierTest.threadBarrier/21
[0;32m[       OK ] [mthreadCount/barrierTest.threadBarrier/20 (5 ms)
[0;32m[ RUN      ] [mthreadCount/barrierTest.threadBarrier/21
[0;32m[       OK ] [mthreadCount/barrierTest.threadBarrier/21 (6 ms)
[0;32m[ RUN      ] [mthreadCount/barrierTest.threadBarrier/22
[0;32m[       OK ] [mthreadCount/barrierTest.threadBarrier/21 (6 ms)
[0;32m[ RUN      ] [mthreadCount/barrierTest.threadBarrier/22
[0;32m[       OK ] [mthreadCount/barrierTest.threadBarrier/22 (7 ms)
[0;32m[ RUN      ] [mthreadCount/barrierTest.threadBarrier/23
[0;32m[       OK ] [mthreadCount/barrierTest.threadBarrier/22 (7 ms)
[0;32m[ RUN      ] [mthreadCount/barrierTest.threadBarrier/23
[0;32m[       OK ] [mthreadCount/barrierTest.threadBarrier/23 (6 ms)
[0;32m[ RUN      ] [mthreadCount/barrierTest.threadBarrier/24
[0;32m[       OK ] [mthreadCount/barrierTest.threadBarrier/23 (6 ms)
[0;32m[ RUN      ] [mthreadCount/barrierTest.threadBarrier/24
[0;32m[       OK ] [mthreadCount/barrierTest.threadBarrier/24 (8 ms)
[0;32m[ RUN      ] [mthreadCount/barrierTest.threadBarrier/25
[0;32m[       OK ] [mthreadCount/barrierTest.threadBarrier/24 (8 ms)
[0;32m[ RUN      ] [mthreadCount/barrierTest.threadBarrier/25
[0;32m[       OK ] [mthreadCount/barrierTest.threadBarrier/25 (7 ms)
[0;32m[ RUN      ] [mthreadCount/barrierTest.threadBarrier/26
[0;32m[       OK ] [mthreadCount/barrierTest.threadBarrier/25 (7 ms)
[0;32m[ RUN      ] [mthreadCount/barrierTest.threadBarrier/26
[0;32m[       OK ] [mthreadCount/barrierTest.threadBarrier/26 (7 ms)
[0;32m[ RUN      ] [mthreadCount/barrierTest.threadBarrier/27
[0;32m[       OK ] [mthreadCount/barrierTest.threadBarrier/26 (7 ms)
[0;32m[ RUN      ] [mthreadCount/barrierTest.threadBarrier/27
[0;32m[       OK ] [mthreadCount/barrierTest.threadBarrier/27 (8 ms)
[0;32m[ RUN      ] [mthreadCount/barrierTest.threadBarrier/28
[0;32m[       OK ] [mthreadCount/barrierTest.threadBarrier/27 (8 ms)
[0;32m[ RUN      ] [mthreadCount/barrierTest.threadBarrier/28
[0;32m[       OK ] [mthreadCount/barrierTest.threadBarrier/28 (9 ms)
[0;32m[ RUN      ] [mthreadCount/barrierTest.threadBarrier/29
[0;32m[       OK ] [mthreadCount/barrierTest.threadBarrier/28 (9 ms)
[0;32m[ RUN      ] [mthreadCount/barrierTest.threadBarrier/29
[0;32m[       OK ] [mthreadCount/barrierTest.threadBarrier/29 (9 ms)
[0;32m[ RUN      ] [mthreadCount/barrierTest.threadBarrier/30
[0;32m[       OK ] [mthreadCount/barrierTest.threadBarrier/29 (9 ms)
[0;32m[ RUN      ] [mthreadCount/barrierTest.threadBarrier/30
[0;32m[       OK ] [mthreadCount/barrierTest.threadBarrier/30 (10 ms)
[0;32m[ RUN      ] [mthreadCount/barrierTest.threadBarrier/31
[0;32m[       OK ] [mthreadCount/barrierTest.threadBarrier/30 (10 ms)
[0;32m[ RUN      ] [mthreadCount/barrierTest.threadBarrier/31
[0;32m[       OK ] [mthreadCount/barrierTest.threadBarrier/31 (9 ms)
[0;32m[ RUN      ] [mthreadCount/barrierTest.threadBarrier/32
[0;32m[       OK ] [mthreadCount/barrierTest.threadBarrier/31 (9 ms)
[0;32m[ RUN      ] [mthreadCount/barrierTest.threadBarrier/32
[0;32m[       OK ] [mthreadCount/barrierTest.threadBarrier/32 (11 ms)
[0;32m[ RUN      ] [mthreadCount/barrierTest.threadBarrier/33
[0;32m[       OK ] [mthreadCount/barrierTest.threadBarrier/32 (11 ms)
[0;32m[ RUN      ] [mthreadCount/barrierTest.threadBarrier/33
[0;32m[       OK ] [mthreadCount/barrierTest.threadBarrier/33 (12 ms)
[0;32m[ RUN      ] [mthreadCount/barrierTest.threadBarrier/34
[0;32m[       OK ] [mthreadCount/barrierTest.threadBarrier/33 (12 ms)
[0;32m[ RUN      ] [mthreadCount/barrierTest.threadBarrier/34
[0;32m[       OK ] [mthreadCount/barrierTest.threadBarrier/34 (28 ms)
[0;32m[ RUN      ] [mthreadCount/barrierTest.threadBarrier/35
[0;32m[       OK ] [mthreadCount/barrierTest.threadBarrier/34 (28 ms)
[0;32m[ RUN      ] [mthreadCount/barrierTest.threadBarrier/35
[0;32m[       OK ] [mthreadCount/barrierTest.threadBarrier/35 (13 ms)
[0;32m[ RUN      ] [mthreadCount/barrierTest.threadBarrier/36
[0;32m[       OK ] [mthreadCount/barrierTest.threadBarrier/35 (13 ms)
[0;32m[ RUN      ] [mthreadCount/barrierTest.threadBarrier/36
[0;32m[       OK ] [mthreadCount/barrierTest.threadBarrier/36 (13 ms)
[0;32m[ RUN      ] [mthreadCount/barrierTest.threadBarrier/37
[0;32m[       OK ] [mthreadCount/barrierTest.threadBarrier/36 (13 ms)
[0;32m[ RUN      ] [mthreadCount/barrierTest.threadBarrier/37
[0;32m[       OK ] [mthreadCount/barrierTest.threadBarrier/37 (14 ms)
[0;32m[ RUN      ] [mthreadCount/barrierTest.threadBarrier/38
[0;32m[       OK ] [mthreadCount/barrierTest.threadBarrier/37 (14 ms)
[0;32m[ RUN      ] [mthreadCount/barrierTest.threadBarrier/38
[0;32m[       OK ] [mthreadCount/barrierTest.threadBarrier/38 (17 ms)
[0;32m[ RUN      ] [mthreadCount/barrierTest.threadBarrier/39
[0;32m[       OK ] [mthreadCount/barrierTest.threadBarrier/38 (17 ms)
[0;32m[ RUN      ] [mthreadCount/barrierTest.threadBarrier/39
[0;32m[       OK ] [mthreadCount/barrierTest.threadBarrier/39 (16 ms)
[0;32m[ RUN      ] [mthreadCount/barrierTest.threadBarrier/40
[0;32m[       OK ] [mthreadCount/barrierTest.threadBarrier/39 (16 ms)
[0;32m[ RUN      ] [mthreadCount/barrierTest.threadBarrier/40
[0;32m[       OK ] [mthreadCount/barrierTest.threadBarrier/40 (15 ms)
[0;32m[ RUN      ] [mthreadCount/barrierTest.threadBarrier/41
[0;32m[       OK ] [mthreadCount/barrierTest.threadBarrier/40 (15 ms)
[0;32m[ RUN      ] [mthreadCount/barrierTest.threadBarrier/41
[0;32m[       OK ] [mthreadCount/barrierTest.threadBarrier/41 (17 ms)
[0;32m[ RUN      ] [mthreadCount/barrierTest.threadBarrier/42
[0;32m[       OK ] [mthreadCount/barrierTest.threadBarrier/41 (17 ms)
[0;32m[ RUN      ] [mthreadCount/barrierTest.threadBarrier/42
[0;32m[       OK ] [mthreadCount/barrierTest.threadBarrier/42 (17 ms)
[0;32m[ RUN      ] [mthreadCount/barrierTest.threadBarrier/43
[0;32m[       OK ] [mthreadCount/barrierTest.threadBarrier/42 (17 ms)
[0;32m[ RUN      ] [mthreadCount/barrierTest.threadBarrier/43
[0;32m[       OK ] [mthreadCount/barrierTest.threadBarrier/43 (17 ms)
[0;32m[ RUN      ] [mthreadCount/barrierTest.threadBarrier/44
[0;32m[       OK ] [mthreadCount/barrierTest.threadBarrier/43 (17 ms)
[0;32m[ RUN      ] [mthreadCount/barrierTest.threadBarrier/44
[0;32m[       OK ] [mthreadCount/barrierTest.threadBarrier/44 (20 ms)
[0;32m[ RUN      ] [mthreadCount/barrierTest.threadBarrier/45
[0;32m[       OK ] [mthreadCount/barrierTest.threadBarrier/44 (20 ms)
[0;32m[ RUN      ] [mthreadCount/barrierTest.threadBarrier/45
[0;32m[       OK ] [mthreadCount/barrierTest.threadBarrier/45 (17 ms)
[0;32m[ RUN      ] [mthreadCount/barrierTest.threadBarrier/46
[0;32m[       OK ] [mthreadCount/barrierTest.threadBarrier/45 (17 ms)
[0;32m[ RUN      ] [mthreadCount/barrierTest.threadBarrier/46
[0;32m[       OK ] [mthreadCount/barrierTest.threadBarrier/46 (18 ms)
[0;32m[ RUN      ] [mthreadCount/barrierTest.threadBarrier/47
[0;32m[       OK ] [mthreadCount/barrierTest.threadBarrier/46 (18 ms)
[0;32m[ RUN      ] [mthreadCount/barrierTest.threadBarrier/47
[0;32m[       OK ] [mthreadCount/barrierTest.threadBarrier/47 (17 ms)
[0;32m[ RUN      ] [mthreadCount/barrierTest.threadBarrier/48
[0;32m[       OK ] [mthreadCount/barrierTest.threadBarrier/47 (17 ms)
[0;32m[ RUN      ] [mthreadCount/barrierTest.threadBarrier/48
[0;32m[       OK ] [mthreadCount/barrierTest.threadBarrier/48 (17 ms)
[0;32m[ RUN      ] [mthreadCount/barrierTest.threadBarrier/49
[0;32m[       OK ] [mthreadCount/barrierTest.threadBarrier/48 (17 ms)
[0;32m[ RUN      ] [mthreadCount/barrierTest.threadBarrier/49
[0;32m[       OK ] [mthreadCount/barrierTest.threadBarrier/49 (18 ms)
[0;32m[ RUN      ] [mthreadCount/barrierTest.threadBarrier/50
[0;32m[       OK ] [mthreadCount/barrierTest.threadBarrier/49 (18 ms)
[0;32m[ RUN      ] [mthreadCount/barrierTest.threadBarrier/50
[0;32m[       OK ] [mthreadCount/barrierTest.threadBarrier/50 (18 ms)
[0;32m[ RUN      ] [mthreadCount/barrierTest.threadBarrier/51
[0;32m[       OK ] [mthreadCount/barrierTest.threadBarrier/50 (18 ms)
[0;32m[ RUN      ] [mthreadCount/barrierTest.threadBarrier/51
[0;32m[       OK ] [mthreadCount/barrierTest.threadBarrier/51 (19 ms)
[0;32m[ RUN      ] [mthreadCount/barrierTest.threadBarrier/52
[0;32m[       OK ] [mthreadCount/barrierTest.threadBarrier/51 (19 ms)
[0;32m[ RUN      ] [mthreadCount/barrierTest.threadBarrier/52
[0;32m[       OK ] [mthreadCount/barrierTest.threadBarrier/52 (22 ms)
[0;32m[ RUN      ] [mthreadCount/barrierTest.threadBarrier/53
[0;32m[       OK ] [mthreadCount/barrierTest.threadBarrier/52 (22 ms)
[0;32m[ RUN      ] [mthreadCount/barrierTest.threadBarrier/53
[0;32m[       OK ] [mthreadCount/barrierTest.threadBarrier/53 (36 ms)
[0;32m[ RUN      ] [mthreadCount/barrierTest.threadBarrier/54
[0;32m[       OK ] [mthreadCount/barrierTest.threadBarrier/53 (36 ms)
[0;32m[ RUN      ] [mthreadCount/barrierTest.threadBarrier/54
[0;32m[       OK ] [mthreadCount/barrierTest.threadBarrier/54 (22 ms)
[0;32m[ RUN      ] [mthreadCount/barrierTest.threadBarrier/55
[0;32m[       OK ] [mthreadCount/barrierTest.threadBarrier/54 (22 ms)
[0;32m[ RUN      ] [mthreadCount/barrierTest.threadBarrier/55
[0;32m[       OK ] [mthreadCount/barrierTest.threadBarrier/55 (23 ms)
[0;32m[ RUN      ] [mthreadCount/barrierTest.threadBarrier/56
[0;32m[       OK ] [mthreadCount/barrierTest.threadBarrier/55 (23 ms)
[0;32m[ RUN      ] [mthreadCount/barrierTest.threadBarrier/56
[0;32m[       OK ] [mthreadCount/barrierTest.threadBarrier/56 (30 ms)
[0;32m[ RUN      ] [mthreadCount/barrierTest.threadBarrier/57
[0;32m[       OK ] [mthreadCount/barrierTest.threadBarrier/56 (30 ms)
[0;32m[ RUN      ] [mthreadCount/barrierTest.threadBarrier/57
[0;32m[       OK ] [mthreadCount/barrierTest.threadBarrier/57 (26 ms)
[0;32m[ RUN      ] [mthreadCount/barrierTest.threadBarrier/58
[0;32m[       OK ] [mthreadCount/barrierTest.threadBarrier/57 (26 ms)
[0;32m[ RUN      ] [mthreadCount/barrierTest.threadBarrier/58
[0;32m[       OK ] [mthreadCount/barrierTest.threadBarrier/58 (27 ms)
[0;32m[ RUN      ] [mthreadCount/barrierTest.threadBarrier/59
[0;32m[       OK ] [mthreadCount/barrierTest.threadBarrier/58 (27 ms)
[0;32m[ RUN      ] [mthreadCount/barrierTest.threadBarrier/59
[0;32m[       OK ] [mthreadCount/barrierTest.threadBarrier/59 (27 ms)
[0;32m[ RUN      ] [mthreadCount/barrierTest.threadBarrier/60
[0;32m[       OK ] [mthreadCount/barrierTest.threadBarrier/59 (27 ms)
[0;32m[ RUN      ] [mthreadCount/barrierTest.threadBarrier/60
[0;32m[       OK ] [mthreadCount/barrierTest.threadBarrier/60 (27 ms)
[0;32m[ RUN      ] [mthreadCount/barrierTest.threadBarrier/61
[0;32m[       OK ] [mthreadCount/barrierTest.threadBarrier/60 (27 ms)
[0;32m[ RUN      ] [mthreadCount/barrierTest.threadBarrier/61
[0;32m[       OK ] [mthreadCount/barrierTest.threadBarrier/61 (27 ms)
[0;32m[ RUN      ] [mthreadCount/barrierTest.threadBarrier/62
[0;32m[       OK ] [mthreadCount/barrierTest.threadBarrier/61 (27 ms)
[0;32m[ RUN      ] [mthreadCount/barrierTest.threadBarrier/62
[0;32m[       OK ] [mthreadCount/barrierTest.threadBarrier/62 (27 ms)
[0;32m[ RUN      ] [mthreadCount/barrierTest.threadBarrier/63
[0;32m[       OK ] [mthreadCount/barrierTest.threadBarrier/62 (27 ms)
[0;32m[ RUN      ] [mthreadCount/barrierTest.threadBarrier/63
[0;32m[       OK ] [mthreadCount/barrierTest.threadBarrier/63 (27 ms)
[0;32m[ RUN      ] [mthreadCount/barrierTest.threadBarrier/64
[0;32m[       OK ] [mthreadCount/barrierTest.threadBarrier/63 (27 ms)
[0;32m[ RUN      ] [mthreadCount/barrierTest.threadBarrier/64
[0;32m[       OK ] [mthreadCount/barrierTest.threadBarrier/64 (27 ms)
[0;32m[ RUN      ] [mthreadCount/barrierTest.threadBarrier/65
[0;32m[       OK ] [mthreadCount/barrierTest.threadBarrier/64 (27 ms)
[0;32m[ RUN      ] [mthreadCount/barrierTest.threadBarrier/65
[0;32m[       OK ] [mthreadCount/barrierTest.threadBarrier/65 (28 ms)
[0;32m[ RUN      ] [mthreadCount/barrierTest.threadBarrier/66
[0;32m[       OK ] [mthreadCount/barrierTest.threadBarrier/65 (28 ms)
[0;32m[ RUN      ] [mthreadCount/barrierTest.threadBarrier/66
[0;32m[       OK ] [mthreadCount/barrierTest.threadBarrier/66 (31 ms)
[0;32m[ RUN      ] [mthreadCount/barrierTest.threadBarrier/67
[0;32m[       OK ] [mthreadCount/barrierTest.threadBarrier/66 (31 ms)
[0;32m[ RUN      ] [mthreadCount/barrierTest.threadBarrier/67
[0;32m[       OK ] [mthreadCount/barrierTest.threadBarrier/67 (31 ms)
[0;32m[ RUN      ] [mthreadCount/barrierTest.threadBarrier/68
[0;32m[       OK ] [mthreadCount/barrierTest.threadBarrier/67 (31 ms)
[0;32m[ RUN      ] [mthreadCount/barrierTest.threadBarrier/68
[0;32m[       OK ] [mthreadCount/barrierTest.threadBarrier/68 (31 ms)
[0;32m[ RUN      ] [mthreadCount/barrierTest.threadBarrier/69
[0;32m[       OK ] [mthreadCount/barrierTest.threadBarrier/68 (31 ms)
[0;32m[ RUN      ] [mthreadCount/barrierTest.threadBarrier/69
[0;32m[       OK ] [mthreadCount/barrierTest.threadBarrier/69 (32 ms)
[0;32m[ RUN      ] [mthreadCount/barrierTest.threadBarrier/70
[0;32m[       OK ] [mthreadCount/barrierTest.threadBarrier/69 (32 ms)
[0;32m[ RUN      ] [mthreadCount/barrierTest.threadBarrier/70
[0;32m[       OK ] [mthreadCount/barrierTest.threadBarrier/70 (38 ms)
[0;32m[ RUN      ] [mthreadCount/barrierTest.threadBarrier/71
[0;32m[       OK ] [mthreadCount/barrierTest.threadBarrier/70 (38 ms)
[0;32m[ RUN      ] [mthreadCount/barrierTest.threadBarrier/71
[0;32m[       OK ] [mthreadCount/barrierTest.threadBarrier/71 (33 ms)
[0;32m[ RUN      ] [mthreadCount/barrierTest.threadBarrier/72
[0;32m[       OK ] [mthreadCount/barrierTest.threadBarrier/71 (33 ms)
[0;32m[ RUN      ] [mthreadCount/barrierTest.threadBarrier/72
[0;32m[       OK ] [mthreadCount/barrierTest.threadBarrier/72 (34 ms)
[0;32m[ RUN      ] [mthreadCount/barrierTest.threadBarrier/73
[0;32m[       OK ] [mthreadCount/barrierTest.threadBarrier/72 (34 ms)
[0;32m[ RUN      ] [mthreadCount/barrierTest.threadBarrier/73
[0;32m[       OK ] [mthreadCount/barrierTest.threadBarrier/73 (36 ms)
[0;32m[ RUN      ] [mthreadCount/barrierTest.threadBarrier/74
[0;32m[       OK ] [mthreadCount/barrierTest.threadBarrier/73 (36 ms)
[0;32m[ RUN      ] [mthreadCount/barrierTest.threadBarrier/74
[0;32m[       OK ] [mthreadCount/barrierTest.threadBarrier/74 (35 ms)
[0;32m[ RUN      ] [mthreadCount/barrierTest.threadBarrier/75
[0;32m[       OK ] [mthreadCount/barrierTest.threadBarrier/74 (35 ms)
[0;32m[ RUN      ] [mthreadCount/barrierTest.threadBarrier/75
[0;32m[       OK ] [mthreadCount/barrierTest.threadBarrier/75 (36 ms)
[0;32m[ RUN      ] [mthreadCount/barrierTest.threadBarrier/76
[0;32m[       OK ] [mthreadCount/barrierTest.threadBarrier/75 (36 ms)
[0;32m[ RUN      ] [mthreadCount/barrierTest.threadBarrier/76
[0;32m[       OK ] [mthreadCount/barrierTest.threadBarrier/76 (39 ms)
[0;32m[ RUN      ] [mthreadCount/barrierTest.threadBarrier/77
[0;32m[       OK ] [mthreadCount/barrierTest.threadBarrier/76 (39 ms)
[0;32m[ RUN      ] [mthreadCount/barrierTest.threadBarrier/77
[0;32m[       OK ] [mthreadCount/barrierTest.threadBarrier/77 (43 ms)
[0;32m[ RUN      ] [mthreadCount/barrierTest.threadBarrier/78
[0;32m[       OK ] [mthreadCount/barrierTest.threadBarrier/77 (43 ms)
[0;32m[ RUN      ] [mthreadCount/barrierTest.threadBarrier/78
[0;32m[       OK ] [mthreadCount/barrierTest.threadBarrier/78 (40 ms)
[0;32m[ RUN      ] [mthreadCount/barrierTest.threadBarrier/79
[0;32m[       OK ] [mthreadCount/barrierTest.threadBarrier/78 (40 ms)
[0;32m[ RUN      ] [mthreadCount/barrierTest.threadBarrier/79
[0;32m[       OK ] [mthreadCount/barrierTest.threadBarrier/79 (49 ms)
[0;32m[ RUN      ] [mthreadCount/barrierTest.threadBarrier/80
[0;32m[       OK ] [mthreadCount/barrierTest.threadBarrier/79 (49 ms)
[0;32m[ RUN      ] [mthreadCount/barrierTest.threadBarrier/80
[0;32m[       OK ] [mthreadCount/barrierTest.threadBarrier/80 (45 ms)
[0;32m[ RUN      ] [mthreadCount/barrierTest.threadBarrier/81
[0;32m[       OK ] [mthreadCount/barrierTest.threadBarrier/80 (45 ms)
[0;32m[ RUN      ] [mthreadCount/barrierTest.threadBarrier/81
[0;32m[       OK ] [mthreadCount/barrierTest.threadBarrier/81 (41 ms)
[0;32m[ RUN      ] [mthreadCount/barrierTest.threadBarrier/82
[0;32m[       OK ] [mthreadCount/barrierTest.threadBarrier/81 (41 ms)
[0;32m[ RUN      ] [mthreadCount/barrierTest.threadBarrier/82
[0;32m[       OK ] [mthreadCount/barrierTest.threadBarrier/82 (42 ms)
[0;32m[ RUN      ] [mthreadCount/barrierTest.threadBarrier/83
[0;32m[       OK ] [mthreadCount/barrierTest.threadBarrier/82 (42 ms)
[0;32m[ RUN      ] [mthreadCount/barrierTest.threadBarrier/83
[0;32m[       OK ] [mthreadCount/barrierTest.threadBarrier/83 (57 ms)
[0;32m[ RUN      ] [mthreadCount/barrierTest.threadBarrier/84
[0;32m[       OK ] [mthreadCount/barrierTest.threadBarrier/83 (57 ms)
[0;32m[ RUN      ] [mthreadCount/barrierTest.threadBarrier/84
[0;32m[       OK ] [mthreadCount/barrierTest.threadBarrier/84 (50 ms)
[0;32m[ RUN      ] [mthreadCount/barrierTest.threadBarrier/85
[0;32m[       OK ] [mthreadCount/barrierTest.threadBarrier/84 (50 ms)
[0;32m[ RUN      ] [mthreadCount/barrierTest.threadBarrier/85
[0;32m[       OK ] [mthreadCount/barrierTest.threadBarrier/85 (89 ms)
[0;32m[ RUN      ] [mthreadCount/barrierTest.threadBarrier/86
[0;32m[       OK ] [mthreadCount/barrierTest.threadBarrier/85 (89 ms)
[0;32m[ RUN      ] [mthreadCount/barrierTest.threadBarrier/86
[0;32m[       OK ] [mthreadCount/barrierTest.threadBarrier/86 (73 ms)
[0;32m[ RUN      ] [mthreadCount/barrierTest.threadBarrier/87
[0;32m[       OK ] [mthreadCount/barrierTest.threadBarrier/86 (73 ms)
[0;32m[ RUN      ] [mthreadCount/barrierTest.threadBarrier/87
[0;32m[       OK ] [mthreadCount/barrierTest.threadBarrier/87 (58 ms)
[0;32m[ RUN      ] [mthreadCount/barrierTest.threadBarrier/88
[0;32m[       OK ] [mthreadCount/barrierTest.threadBarrier/87 (58 ms)
[0;32m[ RUN      ] [mthreadCount/barrierTest.threadBarrier/88
[0;32m[       OK ] [mthreadCount/barrierTest.threadBarrier/88 (55 ms)
[0;32m[ RUN      ] [mthreadCount/barrierTest.threadBarrier/89
[0;32m[       OK ] [mthreadCount/barrierTest.threadBarrier/88 (55 ms)
[0;32m[ RUN      ] [mthreadCount/barrierTest.threadBarrier/89
[0;32m[       OK ] [mthreadCount/barrierTest.threadBarrier/89 (54 ms)
[0;32m[ RUN      ] [mthreadCount/barrierTest.threadBarrier/90
[0;32m[       OK ] [mthreadCount/barrierTest.threadBarrier/89 (54 ms)
[0;32m[ RUN      ] [mthreadCount/barrierTest.threadBarrier/90
[0;32m[       OK ] [mthreadCount/barrierTest.threadBarrier/90 (53 ms)
[0;32m[ RUN      ] [mthreadCount/barrierTest.threadBarrier/91
[0;32m[       OK ] [mthreadCount/barrierTest.threadBarrier/90 (53 ms)
[0;32m[ RUN      ] [mthreadCount/barrierTest.threadBarrier/91
[0;32m[       OK ] [mthreadCount/barrierTest.threadBarrier/91 (107 ms)
[0;32m[ RUN      ] [mthreadCount/barrierTest.threadBarrier/92
[0;32m[       OK ] [mthreadCount/barrierTest.threadBarrier/91 (107 ms)
[0;32m[ RUN      ] [mthreadCount/barrierTest.threadBarrier/92
[0;32m[       OK ] [mthreadCount/barrierTest.threadBarrier/92 (54 ms)
[0;32m[ RUN      ] [mthreadCount/barrierTest.threadBarrier/93
[0;32m[       OK ] [mthreadCount/barrierTest.threadBarrier/92 (54 ms)
[0;32m[ RUN      ] [mthreadCount/barrierTest.threadBarrier/93
[0;32m[       OK ] [mthreadCount/barrierTest.threadBarrier/93 (51 ms)
[0;32m[ RUN      ] [mthreadCount/barrierTest.threadBarrier/94
[0;32m[       OK ] [mthreadCount/barrierTest.threadBarrier/93 (51 ms)
[0;32m[ RUN      ] [mthreadCount/barrierTest.threadBarrier/94
[0;32m[       OK ] [mthreadCount/barrierTest.threadBarrier/94 (55 ms)
[0;32m[ RUN      ] [mthreadCount/barrierTest.threadBarrier/95
[0;32m[       OK ] [mthreadCount/barrierTest.threadBarrier/94 (55 ms)
[0;32m[ RUN      ] [mthreadCount/barrierTest.threadBarrier/95
[0;32m[       OK ] [mthreadCount/barrierTest.threadBarrier/95 (64 ms)
[0;32m[ RUN      ] [mthreadCount/barrierTest.threadBarrier/96
[0;32m[       OK ] [mthreadCount/barrierTest.threadBarrier/95 (64 ms)
[0;32m[ RUN      ] [mthreadCount/barrierTest.threadBarrier/96
[0;32m[       OK ] [mthreadCount/barrierTest.threadBarrier/96 (65 ms)
[0;32m[ RUN      ] [mthreadCount/barrierTest.threadBarrier/97
[0;32m[       OK ] [mthreadCount/barrierTest.threadBarrier/96 (65 ms)
[0;32m[ RUN      ] [mthreadCount/barrierTest.threadBarrier/97
[0;32m[       OK ] [mthreadCount/barrierTest.threadBarrier/97 (55 ms)
[0;32m[ RUN      ] [mthreadCount/barrierTest.threadBarrier/98
[0;32m[       OK ] [mthreadCount/barrierTest.threadBarrier/97 (55 ms)
[0;32m[ RUN      ] [mthreadCount/barrierTest.threadBarrier/98
[0;32m[       OK ] [mthreadCount/barrierTest.threadBarrier/98 (56 ms)
[0;32m[ RUN      ] [mthreadCount/barrierTest.threadBarrier/99
[0;32m[       OK ] [mthreadCount/barrierTest.threadBarrier/98 (56 ms)
[0;32m[ RUN      ] [mthreadCount/barrierTest.threadBarrier/99
[0;32m[       OK ] [mthreadCount/barrierTest.threadBarrier/99 (77 ms)
[0;32m[ RUN      ] [mthreadCount/barrierTest.threadBarrier/100
[0;32m[       OK ] [mthreadCount/barrierTest.threadBarrier/99 (77 ms)
[0;32m[ RUN      ] [mthreadCount/barrierTest.threadBarrier/100
[0;32m[       OK ] [mthreadCount/barrierTest.threadBarrier/100 (77 ms)
[0;32m[ RUN      ] [mthreadCount/barrierTest.threadBarrier/101
[0;32m[       OK ] [mthreadCount/barrierTest.threadBarrier/100 (77 ms)
[0;32m[ RUN      ] [mthreadCount/barrierTest.threadBarrier/101
[0;32m[       OK ] [mthreadCount/barrierTest.threadBarrier/101 (69 ms)
[0;32m[ RUN      ] [mthreadCount/barrierTest.threadBarrier/102
[0;32m[       OK ] [mthreadCount/barrierTest.threadBarrier/101 (69 ms)
[0;32m[ RUN      ] [mthreadCount/barrierTest.threadBarrier/102
[0;32m[       OK ] [mthreadCount/barrierTest.threadBarrier/102 (58 ms)
[0;32m[ RUN      ] [mthreadCount/barrierTest.threadBarrier/103
[0;32m[       OK ] [mthreadCount/barrierTest.threadBarrier/102 (58 ms)
[0;32m[ RUN      ] [mthreadCount/barrierTest.threadBarrier/103
[0;32m[       OK ] [mthreadCount/barrierTest.threadBarrier/103 (61 ms)
[0;32m[ RUN      ] [mthreadCount/barrierTest.threadBarrier/104
[0;32m[       OK ] [mthreadCount/barrierTest.threadBarrier/103 (61 ms)
[0;32m[ RUN      ] [mthreadCount/barrierTest.threadBarrier/104
[0;32m[       OK ] [mthreadCount/barrierTest.threadBarrier/104 (82 ms)
[0;32m[ RUN      ] [mthreadCount/barrierTest.threadBarrier/105
[0;32m[       OK ] [mthreadCount/barrierTest.threadBarrier/104 (82 ms)
[0;32m[ RUN      ] [mthreadCount/barrierTest.threadBarrier/105
[0;32m[       OK ] [mthreadCount/barrierTest.threadBarrier/105 (87 ms)
[0;32m[ RUN      ] [mthreadCount/barrierTest.threadBarrier/106
[0;32m[       OK ] [mthreadCount/barrierTest.threadBarrier/105 (87 ms)
[0;32m[ RUN      ] [mthreadCount/barrierTest.threadBarrier/106
[0;32m[       OK ] [mthreadCount/barrierTest.threadBarrier/106 (65 ms)
[0;32m[ RUN      ] [mthreadCount/barrierTest.threadBarrier/107
[0;32m[       OK ] [mthreadCount/barrierTest.threadBarrier/106 (65 ms)
[0;32m[ RUN      ] [mthreadCount/barrierTest.threadBarrier/107
[0;32m[       OK ] [mthreadCount/barrierTest.threadBarrier/107 (67 ms)
[0;32m[ RUN      ] [mthreadCount/barrierTest.threadBarrier/108
[0;32m[       OK ] [mthreadCount/barrierTest.threadBarrier/107 (67 ms)
[0;32m[ RUN      ] [mthreadCount/barrierTest.threadBarrier/108
[0;32m[       OK ] [mthreadCount/barrierTest.threadBarrier/108 (77 ms)
[0;32m[ RUN      ] [mthreadCount/barrierTest.threadBarrier/109
[...]
[0;32m[       OK ] [mthreadCount/barrierTest.threadBarrier/126 (94 ms)
[0;32m[ RUN      ] [mthreadCount/barrierTest.threadBarrier/127
[0;32m[       OK ] [mthreadCount/barrierTest.threadBarrier/126 (94 ms)
[0;32m[ RUN      ] [mthreadCount/barrierTest.threadBarrier/127
[0;32m[       OK ] [mthreadCount/barrierTest.threadBarrier/127 (119 ms)
[0;32m[ RUN      ] [mthreadCount/barrierTest.threadBarrier/128
[0;32m[       OK ] [mthreadCount/barrierTest.threadBarrier/127 (119 ms)
[0;32m[ RUN      ] [mthreadCount/barrierTest.threadBarrier/128
[0;32m[       OK ] [mthreadCount/barrierTest.threadBarrier/128 (91 ms)
[0;32m[----------] [m129 tests from threadCount/barrierTest (5297 ms total)

[0;32m[----------] [mGlobal test environment tear-down
[0;32m[==========] [m130 tests from 2 test cases ran. (5298 ms total)
[0;32m[  PASSED  ] [m130 tests.
ArgoDSM shutting down
[0;32m[       OK ] [mthreadCount/barrierTest.threadBarrier/128 (91 ms)
[0;32m[----------] [m129 tests from threadCount/barrierTest (5297 ms total)

[0;32m[----------] [mGlobal test environment tear-down
[0;32m[==========] [m130 tests from 2 test cases ran. (5298 ms total)
[0;32m[  PASSED  ] [m130 tests.
#####################STATISTICS#########################
# PROCESS ID 0 
cachesize:32768,CACHELINE:1 wbsize:512
     writebacktime+=(t2-t1): 0.000000
# Storetime : 0.000000 , loadtime :0.000000 flushtime:0.000000, writebacktime: 0.000000
# SSDtime:0.000000, SSItime:0.000000
# Barriertime : 477.877592, selfinvtime 0.274701
stores:0, loads:0, barriers:1413890
Locks:0
########################################################


#####################STATISTICS#########################
# PROCESS ID 1 
cachesize:32768,CACHELINE:1 wbsize:512
     writebacktime+=(t2-t1): 0.000000
# Storetime : 0.078916 , loadtime :0.225980 flushtime:0.000000, writebacktime: 0.000000
# SSDtime:0.000000, SSItime:0.000000
# Barriertime : 474.966378, selfinvtime 0.415531
stores:5340, loads:12353, barriers:1413286
Locks:0
########################################################


<end of output>
Test time =   6.03 sec
----------------------------------------------------------
Test Passed.
"barrierTests-mpi" end time: Dec 10 04:14 CET
"barrierTests-mpi" time elapsed: 00:00:06
----------------------------------------------------------

15/20 Testing: uninitializedTests-singlenode
15/20 Test: uninitializedTests-singlenode
Command: "/mnt/c/Users/21chr/Documents/Universitet/Exjobb/Argo/MasterThesis/argodsm-no_sync_locking_modified/build/bin/singlenode/uninitializedTests"
Directory: /mnt/c/Users/21chr/Documents/Universitet/Exjobb/Argo/MasterThesis/argodsm-no_sync_locking_modified/build/tests
"uninitializedTests-singlenode" start time: Dec 10 04:14 CET
Output:
----------------------------------------------------------
[==========] Running 1 test from 1 test case.
[----------] Global test environment set-up.
[----------] 1 test from UninitializedAccessTest
[ RUN      ] UninitializedAccessTest.ReadUninitializedSinglenode
[       OK ] UninitializedAccessTest.ReadUninitializedSinglenode (823 ms)
[----------] 1 test from UninitializedAccessTest (823 ms total)

[----------] Global test environment tear-down
[==========] 1 test from 1 test case ran. (823 ms total)
[  PASSED  ] 1 test.
<end of output>
Test time =   0.86 sec
----------------------------------------------------------
Test Passed.
"uninitializedTests-singlenode" end time: Dec 10 04:14 CET
"uninitializedTests-singlenode" time elapsed: 00:00:00
----------------------------------------------------------

16/20 Testing: uninitializedTests-mpi
16/20 Test: uninitializedTests-mpi
Command: "/usr/bin/mpirun" "-n" "2" "/mnt/c/Users/21chr/Documents/Universitet/Exjobb/Argo/MasterThesis/argodsm-no_sync_locking_modified/build/bin/mpi/uninitializedTests"
Directory: /mnt/c/Users/21chr/Documents/Universitet/Exjobb/Argo/MasterThesis/argodsm-no_sync_locking_modified/build/tests
"uninitializedTests-mpi" start time: Dec 10 04:14 CET
Output:
----------------------------------------------------------
[0;32m[==========] [mRunning 1 test from 1 test case.
[0;32m[----------] [mGlobal test environment set-up.
[0;32m[----------] [m1 test from UninitializedAccessTest
[0;32m[ RUN      ] [mUninitializedAccessTest.ReadUninitializedSinglenode
[0;32m[==========] [mRunning 1 test from 1 test case.
[0;32m[----------] [mGlobal test environment set-up.
[0;32m[----------] [m1 test from UninitializedAccessTest
[0;32m[ RUN      ] [mUninitializedAccessTest.ReadUninitializedSinglenode
[0;32m[       OK ] [mUninitializedAccessTest.ReadUninitializedSinglenode (1115 ms)
[0;32m[----------] [m1 test from UninitializedAccessTest (1115 ms total)

[0;32m[----------] [mGlobal test environment tear-down
[0;32m[==========] [m1 test from 1 test case ran. (1115 ms total)
[0;32m[  PASSED  ] [m1 test.
[0;32m[       OK ] [mUninitializedAccessTest.ReadUninitializedSinglenode (1123 ms)
[0;32m[----------] [m1 test from UninitializedAccessTest (1123 ms total)

[0;32m[----------] [mGlobal test environment tear-down
[0;32m[==========] [m1 test from 1 test case ran. (1123 ms total)
[0;32m[  PASSED  ] [m1 test.
ArgoDSM shutting down
#####################STATISTICS#########################
# PROCESS ID 0 
cachesize:32768,CACHELINE:1 wbsize:512
     writebacktime+=(t2-t1): 0.000000
# Storetime : 0.000000 , loadtime :0.083590 flushtime:0.000001, writebacktime: 0.000000
# SSDtime:0.000000, SSItime:0.000000
# Barriertime : 0.020800, selfinvtime 0.020619
stores:0, loads:4097, barriers:11
Locks:0
########################################################


#####################STATISTICS#########################
# PROCESS ID 1 
cachesize:32768,CACHELINE:1 wbsize:512
     writebacktime+=(t2-t1): 0.000000
# Storetime : 0.000024 , loadtime :0.000130 flushtime:0.000000, writebacktime: 0.000000
# SSDtime:0.000000, SSItime:0.000000
# Barriertime : 1.129331, selfinvtime 0.000264
stores:1, loads:2, barriers:11
Locks:0
########################################################


<end of output>
Test time =   1.66 sec
----------------------------------------------------------
Test Passed.
"uninitializedTests-mpi" end time: Dec 10 04:14 CET
"uninitializedTests-mpi" time elapsed: 00:00:01
----------------------------------------------------------

17/20 Testing: lockTests-singlenode
17/20 Test: lockTests-singlenode
Command: "/mnt/c/Users/21chr/Documents/Universitet/Exjobb/Argo/MasterThesis/argodsm-no_sync_locking_modified/build/bin/singlenode/lockTests"
Directory: /mnt/c/Users/21chr/Documents/Universitet/Exjobb/Argo/MasterThesis/argodsm-no_sync_locking_modified/build/tests
"lockTests-singlenode" start time: Dec 10 04:14 CET
Output:
----------------------------------------------------------
[==========] Running 6 tests from 1 test case.
[----------] Global test environment set-up.
[----------] 6 tests from LockTest
[ RUN      ] LockTest.TAS_trylock_all
[       OK ] LockTest.TAS_trylock_all (0 ms)
[ RUN      ] LockTest.TAS_lock_custom_barrier
[       OK ] LockTest.TAS_lock_custom_barrier (0 ms)
[ RUN      ] LockTest.StressMCSLock
[       OK ] LockTest.StressMCSLock (2088 ms)
[ RUN      ] LockTest.StressMCSMultipleLocks
[       OK ] LockTest.StressMCSMultipleLocks (71 ms)
[ RUN      ] LockTest.StressCohortLock
[       OK ] LockTest.StressCohortLock (1894 ms)
[ RUN      ] LockTest.noSyncCohortTest
[       OK ] LockTest.noSyncCohortTest (475 ms)
[----------] 6 tests from LockTest (4529 ms total)

[----------] Global test environment tear-down
[==========] 6 tests from 1 test case ran. (4529 ms total)
[  PASSED  ] 6 tests.
<end of output>
Test time =   4.56 sec
----------------------------------------------------------
Test Passed.
"lockTests-singlenode" end time: Dec 10 04:15 CET
"lockTests-singlenode" time elapsed: 00:00:04
----------------------------------------------------------

18/20 Testing: lockTests-mpi
18/20 Test: lockTests-mpi
Command: "/usr/bin/mpirun" "-n" "2" "/mnt/c/Users/21chr/Documents/Universitet/Exjobb/Argo/MasterThesis/argodsm-no_sync_locking_modified/build/bin/mpi/lockTests"
Directory: /mnt/c/Users/21chr/Documents/Universitet/Exjobb/Argo/MasterThesis/argodsm-no_sync_locking_modified/build/tests
"lockTests-mpi" start time: Dec 10 04:15 CET
Output:
----------------------------------------------------------
[0;32m[==========] [mRunning 6 tests from 1 test case.
[0;32m[----------] [mGlobal test environment set-up.
[0;32m[----------] [m6 tests from LockTest
[0;32m[ RUN      ] [mLockTest.TAS_trylock_all
[0;32m[==========] [mRunning 6 tests from 1 test case.
[0;32m[----------] [mGlobal test environment set-up.
[0;32m[----------] [m6 tests from LockTest
[0;32m[ RUN      ] [mLockTest.TAS_trylock_all
[0;32m[       OK ] [mLockTest.TAS_trylock_all (0 ms)
[0;32m[ RUN      ] [mLockTest.TAS_lock_custom_barrier
[0;32m[       OK ] [mLockTest.TAS_trylock_all (1 ms)
[0;32m[ RUN      ] [mLockTest.TAS_lock_custom_barrier
[0;32m[       OK ] [mLockTest.TAS_lock_custom_barrier (0 ms)
[0;32m[ RUN      ] [mLockTest.StressMCSLock
[0;32m[       OK ] [mLockTest.TAS_lock_custom_barrier (0 ms)
[0;32m[ RUN      ] [mLockTest.StressMCSLock
[0;32m[       OK ] [mLockTest.StressMCSLock (271 ms)
[0;32m[ RUN      ] [mLockTest.StressMCSMultipleLocks
[0;32m[       OK ] [mLockTest.StressMCSLock (271 ms)
[0;32m[ RUN      ] [mLockTest.StressMCSMultipleLocks
[0;32m[       OK ] [mLockTest.StressMCSMultipleLocks (164 ms)
[0;32m[ RUN      ] [mLockTest.StressCohortLock
[0;32m[       OK ] [mLockTest.StressMCSMultipleLocks (164 ms)
[0;32m[ RUN      ] [mLockTest.StressCohortLock
[0;32m[       OK ] [mLockTest.StressCohortLock (649 ms)
[0;32m[ RUN      ] [mLockTest.noSyncCohortTest
[0;32m[       OK ] [mLockTest.StressCohortLock (649 ms)
[0;32m[ RUN      ] [mLockTest.noSyncCohortTest
[0;32m[       OK ] [mLockTest.noSyncCohortTest (1398 ms)
[0;32m[----------] [m6 tests from LockTest (2483 ms total)

[0;32m[----------] [mGlobal test environment tear-down
[0;32m[==========] [m6 tests from 1 test case ran. (2483 ms total)
[0;32m[  PASSED  ] [m6 tests.
[0;32m[       OK ] [mLockTest.noSyncCohortTest (1398 ms)
[0;32m[----------] [m6 tests from LockTest (2482 ms total)

[0;32m[----------] [mGlobal test environment tear-down
[0;32m[==========] [m6 tests from 1 test case ran. (2483 ms total)
[0;32m[  PASSED  ] [m6 tests.
ArgoDSM shutting down
#####################STATISTICS#########################
# PROCESS ID 1 
cachesize:256,CACHELINE:1 wbsize:512
     writebacktime+=(t2-t1): 0.000000
# Storetime : 0.005679 , loadtime :0.000602 flushtime:0.000000, writebacktime: 0.000000
# SSDtime:0.000000, SSItime:0.000000
# Barriertime : 0.051608, selfinvtime 0.000403
stores:1640, loads:34, barriers:66
Locks:0
########################################################


#####################STATISTICS#########################
# PROCESS ID 0 
cachesize:256,CACHELINE:1 wbsize:512
     writebacktime+=(t2-t1): 0.000000
# Storetime : 0.000000 , loadtime :0.000000 flushtime:0.000000, writebacktime: 0.000000
# SSDtime:0.000000, SSItime:0.000000
# Barriertime : 0.017793, selfinvtime 0.000016
stores:0, loads:0, barriers:66
Locks:0
########################################################


<end of output>
Test time =   2.79 sec
----------------------------------------------------------
Test Passed.
"lockTests-mpi" end time: Dec 10 04:15 CET
"lockTests-mpi" time elapsed: 00:00:02
----------------------------------------------------------

19/20 Testing: backendTests-singlenode
19/20 Test: backendTests-singlenode
Command: "/mnt/c/Users/21chr/Documents/Universitet/Exjobb/Argo/MasterThesis/argodsm-no_sync_locking_modified/build/bin/singlenode/backendTests"
Directory: /mnt/c/Users/21chr/Documents/Universitet/Exjobb/Argo/MasterThesis/argodsm-no_sync_locking_modified/build/tests
"backendTests-singlenode" start time: Dec 10 04:15 CET
Output:
----------------------------------------------------------
[==========] Running 16 tests from 1 test case.
[----------] Global test environment set-up.
[----------] 16 tests from backendTest
[ RUN      ] backendTest.atomicXchgAll
[       OK ] backendTest.atomicXchgAll (0 ms)
[ RUN      ] backendTest.atomicXchgOne
[       OK ] backendTest.atomicXchgOne (0 ms)
[ RUN      ] backendTest.storeOne
[       OK ] backendTest.storeOne (0 ms)
[ RUN      ] backendTest.loadOne
[       OK ] backendTest.loadOne (0 ms)
[ RUN      ] backendTest.atomicXchgAtomicity
[       OK ] backendTest.atomicXchgAtomicity (0 ms)
[ RUN      ] backendTest.atomicXchgVisibility
[       OK ] backendTest.atomicXchgVisibility (0 ms)
[ RUN      ] backendTest.atomicCASAtomicity
[       OK ] backendTest.atomicCASAtomicity (0 ms)
[ RUN      ] backendTest.atomicCASAtomicityStress
[       OK ] backendTest.atomicCASAtomicityStress (1 ms)
[ RUN      ] backendTest.atomicFetchAddInt
[       OK ] backendTest.atomicFetchAddInt (0 ms)
[ RUN      ] backendTest.atomicFetchAddUInt
[       OK ] backendTest.atomicFetchAddUInt (0 ms)
[ RUN      ] backendTest.atomicFetchAddFloat
[       OK ] backendTest.atomicFetchAddFloat (0 ms)
[ RUN      ] backendTest.atomicFetchAddPointer
[       OK ] backendTest.atomicFetchAddPointer (0 ms)
[ RUN      ] backendTest.selectiveSpin
[       OK ] backendTest.selectiveSpin (0 ms)
[ RUN      ] backendTest.selectiveArray
[       OK ] backendTest.selectiveArray (3 ms)
[ RUN      ] backendTest.selectiveUnaligned
[       OK ] backendTest.selectiveUnaligned (1 ms)
[ RUN      ] backendTest.writeBufferLoad
[       OK ] backendTest.writeBufferLoad (11 ms)
[----------] 16 tests from backendTest (16 ms total)

[----------] Global test environment tear-down
[==========] 16 tests from 1 test case ran. (16 ms total)
[  PASSED  ] 16 tests.
<end of output>
Test time =   0.05 sec
----------------------------------------------------------
Test Passed.
"backendTests-singlenode" end time: Dec 10 04:15 CET
"backendTests-singlenode" time elapsed: 00:00:00
----------------------------------------------------------

20/20 Testing: backendTests-mpi
20/20 Test: backendTests-mpi
Command: "/usr/bin/mpirun" "-n" "2" "/mnt/c/Users/21chr/Documents/Universitet/Exjobb/Argo/MasterThesis/argodsm-no_sync_locking_modified/build/bin/mpi/backendTests"
Directory: /mnt/c/Users/21chr/Documents/Universitet/Exjobb/Argo/MasterThesis/argodsm-no_sync_locking_modified/build/tests
"backendTests-mpi" start time: Dec 10 04:15 CET
Output:
----------------------------------------------------------
[0;32m[==========] [mRunning 16 tests from 1 test case.
[0;32m[----------] [mGlobal test environment set-up.
[0;32m[----------] [m16 tests from backendTest
[0;32m[ RUN      ] [mbackendTest.atomicXchgAll
[0;32m[==========] [mRunning 16 tests from 1 test case.
[0;32m[----------] [mGlobal test environment set-up.
[0;32m[----------] [m16 tests from backendTest
[0;32m[ RUN      ] [mbackendTest.atomicXchgAll
[0;32m[       OK ] [mbackendTest.atomicXchgAll (1 ms)
[0;32m[ RUN      ] [mbackendTest.atomicXchgOne
[0;32m[       OK ] [mbackendTest.atomicXchgAll (1 ms)
[0;32m[ RUN      ] [mbackendTest.atomicXchgOne
[0;32m[       OK ] [mbackendTest.atomicXchgOne (0 ms)
[0;32m[ RUN      ] [mbackendTest.storeOne
[0;32m[       OK ] [mbackendTest.atomicXchgOne (0 ms)
[0;32m[ RUN      ] [mbackendTest.storeOne
[0;32m[       OK ] [mbackendTest.storeOne (0 ms)
[0;32m[ RUN      ] [mbackendTest.loadOne
[0;32m[       OK ] [mbackendTest.storeOne (0 ms)
[0;32m[ RUN      ] [mbackendTest.loadOne
[0;32m[       OK ] [mbackendTest.loadOne (0 ms)
[0;32m[ RUN      ] [mbackendTest.atomicXchgAtomicity
[0;32m[       OK ] [mbackendTest.loadOne (0 ms)
[0;32m[ RUN      ] [mbackendTest.atomicXchgAtomicity
[0;32m[       OK ] [mbackendTest.atomicXchgAtomicity (0 ms)
[0;32m[ RUN      ] [mbackendTest.atomicXchgVisibility
[0;32m[       OK ] [mbackendTest.atomicXchgAtomicity (0 ms)
[0;32m[ RUN      ] [mbackendTest.atomicXchgVisibility
[0;32m[       OK ] [mbackendTest.atomicXchgVisibility (1 ms)
[0;32m[ RUN      ] [mbackendTest.atomicCASAtomicity
[0;32m[       OK ] [mbackendTest.atomicXchgVisibility (1 ms)
[0;32m[ RUN      ] [mbackendTest.atomicCASAtomicity
[0;32m[       OK ] [mbackendTest.atomicCASAtomicity (0 ms)
[0;32m[ RUN      ] [mbackendTest.atomicCASAtomicityStress
[0;32m[       OK ] [mbackendTest.atomicCASAtomicity (0 ms)
[0;32m[ RUN      ] [mbackendTest.atomicCASAtomicityStress
[0;32m[       OK ] [mbackendTest.atomicCASAtomicityStress (129 ms)
[0;32m[ RUN      ] [mbackendTest.atomicFetchAddInt
[0;32m[       OK ] [mbackendTest.atomicCASAtomicityStress (129 ms)
[0;32m[ RUN      ] [mbackendTest.atomicFetchAddInt
[0;32m[       OK ] [mbackendTest.atomicFetchAddInt (55 ms)
[0;32m[ RUN      ] [mbackendTest.atomicFetchAddUInt
[0;32m[       OK ] [mbackendTest.atomicFetchAddInt (55 ms)
[0;32m[ RUN      ] [mbackendTest.atomicFetchAddUInt
[0;32m[       OK ] [mbackendTest.atomicFetchAddUInt (48 ms)
[0;32m[ RUN      ] [mbackendTest.atomicFetchAddFloat
[0;32m[       OK ] [mbackendTest.atomicFetchAddUInt (48 ms)
[0;32m[ RUN      ] [mbackendTest.atomicFetchAddFloat
[0;32m[       OK ] [mbackendTest.atomicFetchAddFloat (49 ms)
[0;32m[ RUN      ] [mbackendTest.atomicFetchAddPointer
[0;32m[       OK ] [mbackendTest.atomicFetchAddFloat (49 ms)
[0;32m[ RUN      ] [mbackendTest.atomicFetchAddPointer
[0;32m[       OK ] [mbackendTest.atomicFetchAddPointer (0 ms)
[0;32m[ RUN      ] [mbackendTest.selectiveSpin
[0;32m[       OK ] [mbackendTest.atomicFetchAddPointer (0 ms)
[0;32m[ RUN      ] [mbackendTest.selectiveSpin
[0;32m[       OK ] [mbackendTest.selectiveSpin (0 ms)
[0;32m[ RUN      ] [mbackendTest.selectiveArray
[0;32m[       OK ] [mbackendTest.selectiveSpin (0 ms)
[0;32m[ RUN      ] [mbackendTest.selectiveArray
[0;32m[       OK ] [mbackendTest.selectiveArray (34 ms)
[0;32m[ RUN      ] [mbackendTest.selectiveUnaligned
[0;32m[       OK ] [mbackendTest.selectiveArray (39 ms)
[0;32m[ RUN      ] [mbackendTest.selectiveUnaligned
[0;32m[       OK ] [mbackendTest.selectiveUnaligned (14 ms)
[0;32m[ RUN      ] [mbackendTest.writeBufferLoad
[0;32m[       OK ] [mbackendTest.selectiveUnaligned (13 ms)
[0;32m[ RUN      ] [mbackendTest.writeBufferLoad
[0;32m[       OK ] [mbackendTest.writeBufferLoad (2060 ms)
[0;32m[----------] [m16 tests from backendTest (2395 ms total)

[0;32m[----------] [mGlobal test environment tear-down
[0;32m[==========] [m16 tests from 1 test case ran. (2395 ms total)
[0;32m[  PASSED  ] [m16 tests.
[0;32m[       OK ] [mbackendTest.writeBufferLoad (2070 ms)
[0;32m[----------] [m16 tests from backendTest (2401 ms total)

[0;32m[----------] [mGlobal test environment tear-down
[0;32m[==========] [m16 tests from 1 test case ran. (2401 ms total)
[0;32m[  PASSED  ] [m16 tests.
ArgoDSM shutting down
#####################STATISTICS#########################
# PROCESS ID 1 
cachesize:4096,CACHELINE:1 wbsize:512
     writebacktime+=(t2-t1): 0.515102
# Storetime : 0.828268 , loadtime :0.026776 flushtime:0.000000, writebacktime: 0.515102
# SSDtime:0.000000, SSItime:0.004338
# Barriertime : 1.043233, selfinvtime 0.186957
stores:79524, loads:1263, barriers:163
Locks:0
########################################################


#####################STATISTICS#########################
# PROCESS ID 0 
cachesize:4096,CACHELINE:1 wbsize:512
     writebacktime+=(t2-t1): 0.500312
# Storetime : 0.793462 , loadtime :0.011410 flushtime:0.000000, writebacktime: 0.500312
# SSDtime:0.000758, SSItime:0.000382
# Barriertime : 1.259083, selfinvtime 0.098339
stores:71518, loads:469, barriers:163
Locks:0
########################################################


<end of output>
Test time =   2.72 sec
----------------------------------------------------------
Test Passed.
"backendTests-mpi" end time: Dec 10 04:15 CET
"backendTests-mpi" time elapsed: 00:00:02
----------------------------------------------------------

End testing: Dec 10 04:15 CET
